2025-12-26 10:04:07 ~ ::1  ~ Chrome ~ Error E-ROUTE-404 :: Line 0 ::  Rute tidak ditemukan: log :: - :: /sfrw_3/log
2025-12-26 12:47:50 ~ ::1  ~ Chrome ~ Error E-ROUTE-404 :: Line 0 ::  Rute tidak ditemukan: log :: - :: /sfrw_3/log
2025-12-26 12:51:45 ~ ::1  ~ Chrome ~ Error E-ROUTE-404 :: Line 0 ::  Rute tidak ditemukan: log :: - :: /sfrw_3/log
2025-12-26 12:52:21 ~ ::1  ~ Chrome ~ Error E-ROUTE-404 :: Line 0 ::  Rute tidak ditemukan: log :: - :: /sfrw_3/log
2025-12-26 06:52:21 ~ ::1  ~ Chrome ~ Error 2 :: Line 140 ::  Undefined variable $errstr :: D:\virtual-server\xampp php8.1\htdocs\sfrw_3\library\error\Handler.php :: /sfrw_3/log
2025-12-26 06:52:22 ~ ::1  ~ Chrome ~ Error 2 :: Line 140 ::  Undefined variable $errstr :: D:\virtual-server\xampp php8.1\htdocs\sfrw_3\library\error\Handler.php :: /sfrw_3/log
2025-12-26 06:52:22 ~ ::1  ~ Chrome ~ Error 2 :: Line 140 ::  Undefined variable $errstr :: D:\virtual-server\xampp php8.1\htdocs\sfrw_3\library\error\Handler.php :: /sfrw_3/log
2025-12-26 06:52:23 ~ ::1  ~ Chrome ~ Error 2 :: Line 140 ::  Undefined variable $errstr :: D:\virtual-server\xampp php8.1\htdocs\sfrw_3\library\error\Handler.php :: /sfrw_3/log
2025-12-26 06:52:23 ~ ::1  ~ Chrome ~ Error 2 :: Line 140 ::  Undefined variable $errstr :: D:\virtual-server\xampp php8.1\htdocs\sfrw_3\library\error\Handler.php :: /sfrw_3/log
2025-12-26 06:52:23 ~ ::1  ~ Chrome ~ Error 2 :: Line 140 ::  Undefined variable $errstr :: D:\virtual-server\xampp php8.1\htdocs\sfrw_3\library\error\Handler.php :: /sfrw_3/log
2025-12-26 06:52:25 ~ ::1  ~ Chrome ~ Error 2 :: Line 140 ::  Undefined variable $errstr :: D:\virtual-server\xampp php8.1\htdocs\sfrw_3\library\error\Handler.php :: /sfrw_3/log
2025-12-26 06:52:26 ~ ::1  ~ Chrome ~ Error 2 :: Line 140 ::  Undefined variable $errstr :: D:\virtual-server\xampp php8.1\htdocs\sfrw_3\library\error\Handler.php :: /sfrw_3/log
2025-12-26 06:52:27 ~ ::1  ~ Chrome ~ Error 2 :: Line 140 ::  Undefined variable $errstr :: D:\virtual-server\xampp php8.1\htdocs\sfrw_3\library\error\Handler.php :: /sfrw_3/log
2025-12-26 06:52:28 ~ ::1  ~ Chrome ~ Error 2 :: Line 140 ::  Undefined variable $errstr :: D:\virtual-server\xampp php8.1\htdocs\sfrw_3\library\error\Handler.php :: /sfrw_3/log
2025-12-26 06:52:29 ~ ::1  ~ Chrome ~ Error 2 :: Line 140 ::  Undefined variable $errstr :: D:\virtual-server\xampp php8.1\htdocs\sfrw_3\library\error\Handler.php :: /sfrw_3/log
2025-12-26 06:52:31 ~ ::1  ~ Chrome ~ Error 2 :: Line 140 ::  Undefined variable $errstr :: D:\virtual-server\xampp php8.1\htdocs\sfrw_3\library\error\Handler.php :: /sfrw_3/log
2025-12-26 06:52:32 ~ ::1  ~ Chrome ~ Error 2 :: Line 140 ::  Undefined variable $errstr :: D:\virtual-server\xampp php8.1\htdocs\sfrw_3\library\error\Handler.php :: /sfrw_3/log
2025-12-26 06:52:33 ~ ::1  ~ Chrome ~ Error 2 :: Line 140 ::  Undefined variable $errstr :: D:\virtual-server\xampp php8.1\htdocs\sfrw_3\library\error\Handler.php :: /sfrw_3/log
2025-12-26 06:52:34 ~ ::1  ~ Chrome ~ Error 2 :: Line 140 ::  Undefined variable $errstr :: D:\virtual-server\xampp php8.1\htdocs\sfrw_3\library\error\Handler.php :: /sfrw_3/log
2025-12-26 06:52:35 ~ ::1  ~ Chrome ~ Error 2 :: Line 140 ::  Undefined variable $errstr :: D:\virtual-server\xampp php8.1\htdocs\sfrw_3\library\error\Handler.php :: /sfrw_3/log
2025-12-26 06:52:36 ~ ::1  ~ Chrome ~ Error 2 :: Line 140 ::  Undefined variable $errstr :: D:\virtual-server\xampp php8.1\htdocs\sfrw_3\library\error\Handler.php :: /sfrw_3/log
2025-12-26 06:52:37 ~ ::1  ~ Chrome ~ Error 2 :: Line 140 ::  Undefined variable $errstr :: D:\virtual-server\xampp php8.1\htdocs\sfrw_3\library\error\Handler.php :: /sfrw_3/log
2025-12-26 06:52:38 ~ ::1  ~ Chrome ~ Error 2 :: Line 140 ::  Undefined variable $errstr :: D:\virtual-server\xampp php8.1\htdocs\sfrw_3\library\error\Handler.php :: /sfrw_3/log
2025-12-26 06:52:39 ~ ::1  ~ Chrome ~ Error 2 :: Line 140 ::  Undefined variable $errstr :: D:\virtual-server\xampp php8.1\htdocs\sfrw_3\library\error\Handler.php :: /sfrw_3/log
2025-12-26 06:52:40 ~ ::1  ~ Chrome ~ Error 2 :: Line 140 ::  Undefined variable $errstr :: D:\virtual-server\xampp php8.1\htdocs\sfrw_3\library\error\Handler.php :: /sfrw_3/log
2025-12-26 06:52:41 ~ ::1  ~ Chrome ~ Error 2 :: Line 140 ::  Undefined variable $errstr :: D:\virtual-server\xampp php8.1\htdocs\sfrw_3\library\error\Handler.php :: /sfrw_3/log
2025-12-26 06:52:42 ~ ::1  ~ Chrome ~ Error 2 :: Line 140 ::  Undefined variable $errstr :: D:\virtual-server\xampp php8.1\htdocs\sfrw_3\library\error\Handler.php :: /sfrw_3/log
2025-12-26 06:52:43 ~ ::1  ~ Chrome ~ Error 2 :: Line 140 ::  Undefined variable $errstr :: D:\virtual-server\xampp php8.1\htdocs\sfrw_3\library\error\Handler.php :: /sfrw_3/log
2025-12-26 06:52:44 ~ ::1  ~ Chrome ~ Error 2 :: Line 140 ::  Undefined variable $errstr :: D:\virtual-server\xampp php8.1\htdocs\sfrw_3\library\error\Handler.php :: /sfrw_3/log
2025-12-26 06:52:45 ~ ::1  ~ Chrome ~ Error 2 :: Line 140 ::  Undefined variable $errstr :: D:\virtual-server\xampp php8.1\htdocs\sfrw_3\library\error\Handler.php :: /sfrw_3/log
2025-12-26 06:52:46 ~ ::1  ~ Chrome ~ Error 2 :: Line 140 ::  Undefined variable $errstr :: D:\virtual-server\xampp php8.1\htdocs\sfrw_3\library\error\Handler.php :: /sfrw_3/log
2025-12-26 06:52:47 ~ ::1  ~ Chrome ~ Error 2 :: Line 140 ::  Undefined variable $errstr :: D:\virtual-server\xampp php8.1\htdocs\sfrw_3\library\error\Handler.php :: /sfrw_3/log
2025-12-26 06:52:48 ~ ::1  ~ Chrome ~ Error 2 :: Line 140 ::  Undefined variable $errstr :: D:\virtual-server\xampp php8.1\htdocs\sfrw_3\library\error\Handler.php :: /sfrw_3/log
2025-12-26 06:52:49 ~ ::1  ~ Chrome ~ Error 2 :: Line 140 ::  Undefined variable $errstr :: D:\virtual-server\xampp php8.1\htdocs\sfrw_3\library\error\Handler.php :: /sfrw_3/log
2025-12-26 06:52:50 ~ ::1  ~ Chrome ~ Error 2 :: Line 140 ::  Undefined variable $errstr :: D:\virtual-server\xampp php8.1\htdocs\sfrw_3\library\error\Handler.php :: /sfrw_3/log
2025-12-26 06:52:51 ~ ::1  ~ Chrome ~ Error 2 :: Line 140 ::  Undefined variable $errstr :: D:\virtual-server\xampp php8.1\htdocs\sfrw_3\library\error\Handler.php :: /sfrw_3/log
2025-12-26 06:52:52 ~ ::1  ~ Chrome ~ Error 2 :: Line 140 ::  Undefined variable $errstr :: D:\virtual-server\xampp php8.1\htdocs\sfrw_3\library\error\Handler.php :: /sfrw_3/log
2025-12-26 06:52:53 ~ ::1  ~ Chrome ~ Error 2 :: Line 140 ::  Undefined variable $errstr :: D:\virtual-server\xampp php8.1\htdocs\sfrw_3\library\error\Handler.php :: /sfrw_3/log
2025-12-26 06:52:54 ~ ::1  ~ Chrome ~ Error 2 :: Line 140 ::  Undefined variable $errstr :: D:\virtual-server\xampp php8.1\htdocs\sfrw_3\library\error\Handler.php :: /sfrw_3/log
2025-12-26 06:52:55 ~ ::1  ~ Chrome ~ Error 2 :: Line 140 ::  Undefined variable $errstr :: D:\virtual-server\xampp php8.1\htdocs\sfrw_3\library\error\Handler.php :: /sfrw_3/log
2025-12-26 06:52:56 ~ ::1  ~ Chrome ~ Error 2 :: Line 140 ::  Undefined variable $errstr :: D:\virtual-server\xampp php8.1\htdocs\sfrw_3\library\error\Handler.php :: /sfrw_3/log
2025-12-26 06:52:57 ~ ::1  ~ Chrome ~ Error 2 :: Line 140 ::  Undefined variable $errstr :: D:\virtual-server\xampp php8.1\htdocs\sfrw_3\library\error\Handler.php :: /sfrw_3/log
2025-12-26 06:52:58 ~ ::1  ~ Chrome ~ Error 2 :: Line 140 ::  Undefined variable $errstr :: D:\virtual-server\xampp php8.1\htdocs\sfrw_3\library\error\Handler.php :: /sfrw_3/log
2025-12-26 06:52:59 ~ ::1  ~ Chrome ~ Error 2 :: Line 140 ::  Undefined variable $errstr :: D:\virtual-server\xampp php8.1\htdocs\sfrw_3\library\error\Handler.php :: /sfrw_3/log
2025-12-26 06:52:59 ~ ::1  ~ Chrome ~ Error 2 :: Line 140 ::  Undefined variable $errstr :: D:\virtual-server\xampp php8.1\htdocs\sfrw_3\library\error\Handler.php :: /sfrw_3/log
2025-12-26 06:52:59 ~ ::1  ~ Chrome ~ Error 2 :: Line 140 ::  Undefined variable $errstr :: D:\virtual-server\xampp php8.1\htdocs\sfrw_3\library\error\Handler.php :: /sfrw_3/log
2025-12-26 06:53:00 ~ ::1  ~ Chrome ~ Error 2 :: Line 140 ::  Undefined variable $errstr :: D:\virtual-server\xampp php8.1\htdocs\sfrw_3\library\error\Handler.php :: /sfrw_3/log
2025-12-26 06:53:00 ~ ::1  ~ Chrome ~ Error 2 :: Line 140 ::  Undefined variable $errstr :: D:\virtual-server\xampp php8.1\htdocs\sfrw_3\library\error\Handler.php :: /sfrw_3/log
2025-12-26 06:53:01 ~ ::1  ~ Chrome ~ Error 2 :: Line 140 ::  Undefined variable $errstr :: D:\virtual-server\xampp php8.1\htdocs\sfrw_3\library\error\Handler.php :: /sfrw_3/log
2025-12-26 06:53:01 ~ ::1  ~ Chrome ~ Error 2 :: Line 140 ::  Undefined variable $errstr :: D:\virtual-server\xampp php8.1\htdocs\sfrw_3\library\error\Handler.php :: /sfrw_3/log
2025-12-26 06:53:02 ~ ::1  ~ Chrome ~ Error 2 :: Line 140 ::  Undefined variable $errstr :: D:\virtual-server\xampp php8.1\htdocs\sfrw_3\library\error\Handler.php :: /sfrw_3/log
2025-12-26 06:53:02 ~ ::1  ~ Chrome ~ Error 2 :: Line 140 ::  Undefined variable $errstr :: D:\virtual-server\xampp php8.1\htdocs\sfrw_3\library\error\Handler.php :: /sfrw_3/log
2025-12-26 06:53:02 ~ ::1  ~ Chrome ~ Error 2 :: Line 140 ::  Undefined variable $errstr :: D:\virtual-server\xampp php8.1\htdocs\sfrw_3\library\error\Handler.php :: /sfrw_3/log
2025-12-26 06:53:02 ~ ::1  ~ Chrome ~ Error 2 :: Line 140 ::  Undefined variable $errstr :: D:\virtual-server\xampp php8.1\htdocs\sfrw_3\library\error\Handler.php :: /sfrw_3/log
2025-12-26 06:53:03 ~ ::1  ~ Chrome ~ Error 2 :: Line 140 ::  Undefined variable $errstr :: D:\virtual-server\xampp php8.1\htdocs\sfrw_3\library\error\Handler.php :: /sfrw_3/log
2025-12-26 06:53:03 ~ ::1  ~ Chrome ~ Error 2 :: Line 140 ::  Undefined variable $errstr :: D:\virtual-server\xampp php8.1\htdocs\sfrw_3\library\error\Handler.php :: /sfrw_3/log
2025-12-26 06:53:04 ~ ::1  ~ Chrome ~ Error 2 :: Line 140 ::  Undefined variable $errstr :: D:\virtual-server\xampp php8.1\htdocs\sfrw_3\library\error\Handler.php :: /sfrw_3/log
2025-12-26 06:53:04 ~ ::1  ~ Chrome ~ Error 2 :: Line 140 ::  Undefined variable $errstr :: D:\virtual-server\xampp php8.1\htdocs\sfrw_3\library\error\Handler.php :: /sfrw_3/log
2025-12-26 06:53:05 ~ ::1  ~ Chrome ~ Error 2 :: Line 140 ::  Undefined variable $errstr :: D:\virtual-server\xampp php8.1\htdocs\sfrw_3\library\error\Handler.php :: /sfrw_3/log
2025-12-26 06:53:06 ~ ::1  ~ Chrome ~ Error 2 :: Line 140 ::  Undefined variable $errstr :: D:\virtual-server\xampp php8.1\htdocs\sfrw_3\library\error\Handler.php :: /sfrw_3/log
2025-12-26 06:53:07 ~ ::1  ~ Chrome ~ Error 2 :: Line 140 ::  Undefined variable $errstr :: D:\virtual-server\xampp php8.1\htdocs\sfrw_3\library\error\Handler.php :: /sfrw_3/log
2025-12-26 06:53:08 ~ ::1  ~ Chrome ~ Error 2 :: Line 140 ::  Undefined variable $errstr :: D:\virtual-server\xampp php8.1\htdocs\sfrw_3\library\error\Handler.php :: /sfrw_3/log
2025-12-26 06:53:09 ~ ::1  ~ Chrome ~ Error 2 :: Line 140 ::  Undefined variable $errstr :: D:\virtual-server\xampp php8.1\htdocs\sfrw_3\library\error\Handler.php :: /sfrw_3/log
2025-12-26 06:53:10 ~ ::1  ~ Chrome ~ Error 2 :: Line 140 ::  Undefined variable $errstr :: D:\virtual-server\xampp php8.1\htdocs\sfrw_3\library\error\Handler.php :: /sfrw_3/log
2025-12-26 06:53:11 ~ ::1  ~ Chrome ~ Error 2 :: Line 140 ::  Undefined variable $errstr :: D:\virtual-server\xampp php8.1\htdocs\sfrw_3\library\error\Handler.php :: /sfrw_3/log
2025-12-26 06:53:12 ~ ::1  ~ Chrome ~ Error 2 :: Line 140 ::  Undefined variable $errstr :: D:\virtual-server\xampp php8.1\htdocs\sfrw_3\library\error\Handler.php :: /sfrw_3/log
2025-12-26 06:53:13 ~ ::1  ~ Chrome ~ Error 2 :: Line 140 ::  Undefined variable $errstr :: D:\virtual-server\xampp php8.1\htdocs\sfrw_3\library\error\Handler.php :: /sfrw_3/log
2025-12-26 06:53:13 ~ ::1  ~ Chrome ~ Error 2 :: Line 140 ::  Undefined variable $errstr :: D:\virtual-server\xampp php8.1\htdocs\sfrw_3\library\error\Handler.php :: /sfrw_3/log
2025-12-26 06:53:14 ~ ::1  ~ Chrome ~ Error 2 :: Line 140 ::  Undefined variable $errstr :: D:\virtual-server\xampp php8.1\htdocs\sfrw_3\library\error\Handler.php :: /sfrw_3/log
2025-12-26 06:53:14 ~ ::1  ~ Chrome ~ Error 2 :: Line 140 ::  Undefined variable $errstr :: D:\virtual-server\xampp php8.1\htdocs\sfrw_3\library\error\Handler.php :: /sfrw_3/log
2025-12-26 06:53:14 ~ ::1  ~ Chrome ~ Error 2 :: Line 140 ::  Undefined variable $errstr :: D:\virtual-server\xampp php8.1\htdocs\sfrw_3\library\error\Handler.php :: /sfrw_3/log
2025-12-26 06:53:15 ~ ::1  ~ Chrome ~ Error 2 :: Line 140 ::  Undefined variable $errstr :: D:\virtual-server\xampp php8.1\htdocs\sfrw_3\library\error\Handler.php :: /sfrw_3/log
2025-12-26 06:53:15 ~ ::1  ~ Chrome ~ Error 2 :: Line 140 ::  Undefined variable $errstr :: D:\virtual-server\xampp php8.1\htdocs\sfrw_3\library\error\Handler.php :: /sfrw_3/log
2025-12-26 06:53:16 ~ ::1  ~ Chrome ~ Error 2 :: Line 140 ::  Undefined variable $errstr :: D:\virtual-server\xampp php8.1\htdocs\sfrw_3\library\error\Handler.php :: /sfrw_3/log
2025-12-26 06:53:16 ~ ::1  ~ Chrome ~ Error 2 :: Line 140 ::  Undefined variable $errstr :: D:\virtual-server\xampp php8.1\htdocs\sfrw_3\library\error\Handler.php :: /sfrw_3/log
2025-12-26 06:53:17 ~ ::1  ~ Chrome ~ Error 2 :: Line 140 ::  Undefined variable $errstr :: D:\virtual-server\xampp php8.1\htdocs\sfrw_3\library\error\Handler.php :: /sfrw_3/log
2025-12-26 06:53:17 ~ ::1  ~ Chrome ~ Error 2 :: Line 140 ::  Undefined variable $errstr :: D:\virtual-server\xampp php8.1\htdocs\sfrw_3\library\error\Handler.php :: /sfrw_3/log
2025-12-26 06:53:17 ~ ::1  ~ Chrome ~ Error 2 :: Line 140 ::  Undefined variable $errstr :: D:\virtual-server\xampp php8.1\htdocs\sfrw_3\library\error\Handler.php :: /sfrw_3/log
2025-12-26 06:53:18 ~ ::1  ~ Chrome ~ Error 2 :: Line 140 ::  Undefined variable $errstr :: D:\virtual-server\xampp php8.1\htdocs\sfrw_3\library\error\Handler.php :: /sfrw_3/log
2025-12-26 06:53:18 ~ ::1  ~ Chrome ~ Error 2 :: Line 140 ::  Undefined variable $errstr :: D:\virtual-server\xampp php8.1\htdocs\sfrw_3\library\error\Handler.php :: /sfrw_3/log
2025-12-26 06:53:19 ~ ::1  ~ Chrome ~ Error 2 :: Line 140 ::  Undefined variable $errstr :: D:\virtual-server\xampp php8.1\htdocs\sfrw_3\library\error\Handler.php :: /sfrw_3/log
2025-12-26 06:53:19 ~ ::1  ~ Chrome ~ Error 2 :: Line 140 ::  Undefined variable $errstr :: D:\virtual-server\xampp php8.1\htdocs\sfrw_3\library\error\Handler.php :: /sfrw_3/log
2025-12-26 06:53:21 ~ ::1  ~ Chrome ~ Error 2 :: Line 140 ::  Undefined variable $errstr :: D:\virtual-server\xampp php8.1\htdocs\sfrw_3\library\error\Handler.php :: /sfrw_3/log
2025-12-26 06:53:22 ~ ::1  ~ Chrome ~ Error 2 :: Line 140 ::  Undefined variable $errstr :: D:\virtual-server\xampp php8.1\htdocs\sfrw_3\library\error\Handler.php :: /sfrw_3/log
2025-12-26 06:53:23 ~ ::1  ~ Chrome ~ Error 2 :: Line 140 ::  Undefined variable $errstr :: D:\virtual-server\xampp php8.1\htdocs\sfrw_3\library\error\Handler.php :: /sfrw_3/log
2025-12-26 06:53:24 ~ ::1  ~ Chrome ~ Error 2 :: Line 140 ::  Undefined variable $errstr :: D:\virtual-server\xampp php8.1\htdocs\sfrw_3\library\error\Handler.php :: /sfrw_3/log
2025-12-26 06:53:25 ~ ::1  ~ Chrome ~ Error 2 :: Line 140 ::  Undefined variable $errstr :: D:\virtual-server\xampp php8.1\htdocs\sfrw_3\library\error\Handler.php :: /sfrw_3/log
2025-12-26 06:53:25 ~ ::1  ~ Chrome ~ Error 2 :: Line 140 ::  Undefined variable $errstr :: D:\virtual-server\xampp php8.1\htdocs\sfrw_3\library\error\Handler.php :: /sfrw_3/log
2025-12-26 06:53:25 ~ ::1  ~ Chrome ~ Error 2 :: Line 140 ::  Undefined variable $errstr :: D:\virtual-server\xampp php8.1\htdocs\sfrw_3\library\error\Handler.php :: /sfrw_3/log
2025-12-26 06:53:27 ~ ::1  ~ Chrome ~ Error 2 :: Line 140 ::  Undefined variable $errstr :: D:\virtual-server\xampp php8.1\htdocs\sfrw_3\library\error\Handler.php :: /sfrw_3/log
2025-12-26 06:53:27 ~ ::1  ~ Chrome ~ Error 2 :: Line 140 ::  Undefined variable $errstr :: D:\virtual-server\xampp php8.1\htdocs\sfrw_3\library\error\Handler.php :: /sfrw_3/log
2025-12-26 06:53:28 ~ ::1  ~ Chrome ~ Error 2 :: Line 140 ::  Undefined variable $errstr :: D:\virtual-server\xampp php8.1\htdocs\sfrw_3\library\error\Handler.php :: /sfrw_3/log
2025-12-26 06:53:29 ~ ::1  ~ Chrome ~ Error 2 :: Line 140 ::  Undefined variable $errstr :: D:\virtual-server\xampp php8.1\htdocs\sfrw_3\library\error\Handler.php :: /sfrw_3/log
2025-12-26 06:53:30 ~ ::1  ~ Chrome ~ Error 2 :: Line 140 ::  Undefined variable $errstr :: D:\virtual-server\xampp php8.1\htdocs\sfrw_3\library\error\Handler.php :: /sfrw_3/log
2025-12-26 06:53:30 ~ ::1  ~ Chrome ~ Error 2 :: Line 140 ::  Undefined variable $errstr :: D:\virtual-server\xampp php8.1\htdocs\sfrw_3\library\error\Handler.php :: /sfrw_3/log
2025-12-26 06:53:31 ~ ::1  ~ Chrome ~ Error 2 :: Line 140 ::  Undefined variable $errstr :: D:\virtual-server\xampp php8.1\htdocs\sfrw_3\library\error\Handler.php :: /sfrw_3/log
2025-12-26 06:53:32 ~ ::1  ~ Chrome ~ Error 2 :: Line 140 ::  Undefined variable $errstr :: D:\virtual-server\xampp php8.1\htdocs\sfrw_3\library\error\Handler.php :: /sfrw_3/log
2025-12-26 06:53:32 ~ ::1  ~ Chrome ~ Error 2 :: Line 140 ::  Undefined variable $errstr :: D:\virtual-server\xampp php8.1\htdocs\sfrw_3\library\error\Handler.php :: /sfrw_3/log
2025-12-26 06:53:33 ~ ::1  ~ Chrome ~ Error 2 :: Line 140 ::  Undefined variable $errstr :: D:\virtual-server\xampp php8.1\htdocs\sfrw_3\library\error\Handler.php :: /sfrw_3/log
2025-12-26 06:53:34 ~ ::1  ~ Chrome ~ Error 2 :: Line 140 ::  Undefined variable $errstr :: D:\virtual-server\xampp php8.1\htdocs\sfrw_3\library\error\Handler.php :: /sfrw_3/log
2025-12-26 06:53:34 ~ ::1  ~ Chrome ~ Error 2 :: Line 140 ::  Undefined variable $errstr :: D:\virtual-server\xampp php8.1\htdocs\sfrw_3\library\error\Handler.php :: /sfrw_3/log
2025-12-26 06:53:35 ~ ::1  ~ Chrome ~ Error 2 :: Line 140 ::  Undefined variable $errstr :: D:\virtual-server\xampp php8.1\htdocs\sfrw_3\library\error\Handler.php :: /sfrw_3/log
2025-12-26 06:53:37 ~ ::1  ~ Chrome ~ Error 2 :: Line 140 ::  Undefined variable $errstr :: D:\virtual-server\xampp php8.1\htdocs\sfrw_3\library\error\Handler.php :: /sfrw_3/log
2025-12-26 06:53:39 ~ ::1  ~ Chrome ~ Error 2 :: Line 140 ::  Undefined variable $errstr :: D:\virtual-server\xampp php8.1\htdocs\sfrw_3\library\error\Handler.php :: /sfrw_3/log
2025-12-26 06:53:39 ~ ::1  ~ Chrome ~ Error 2 :: Line 140 ::  Undefined variable $errstr :: D:\virtual-server\xampp php8.1\htdocs\sfrw_3\library\error\Handler.php :: /sfrw_3/log
2025-12-26 06:53:41 ~ ::1  ~ Chrome ~ Error 2 :: Line 140 ::  Undefined variable $errstr :: D:\virtual-server\xampp php8.1\htdocs\sfrw_3\library\error\Handler.php :: /sfrw_3/log
2025-12-26 06:53:41 ~ ::1  ~ Chrome ~ Error 2 :: Line 140 ::  Undefined variable $errstr :: D:\virtual-server\xampp php8.1\htdocs\sfrw_3\library\error\Handler.php :: /sfrw_3/log
2025-12-26 06:53:42 ~ ::1  ~ Chrome ~ Error 2 :: Line 140 ::  Undefined variable $errstr :: D:\virtual-server\xampp php8.1\htdocs\sfrw_3\library\error\Handler.php :: /sfrw_3/log
2025-12-26 06:53:43 ~ ::1  ~ Chrome ~ Error 2 :: Line 140 ::  Undefined variable $errstr :: D:\virtual-server\xampp php8.1\htdocs\sfrw_3\library\error\Handler.php :: /sfrw_3/log
2025-12-26 06:53:44 ~ ::1  ~ Chrome ~ Error 2 :: Line 140 ::  Undefined variable $errstr :: D:\virtual-server\xampp php8.1\htdocs\sfrw_3\library\error\Handler.php :: /sfrw_3/log
2025-12-26 06:53:44 ~ ::1  ~ Chrome ~ Error 2 :: Line 140 ::  Undefined variable $errstr :: D:\virtual-server\xampp php8.1\htdocs\sfrw_3\library\error\Handler.php :: /sfrw_3/log
2025-12-26 06:53:45 ~ ::1  ~ Chrome ~ Error 2 :: Line 140 ::  Undefined variable $errstr :: D:\virtual-server\xampp php8.1\htdocs\sfrw_3\library\error\Handler.php :: /sfrw_3/log
2025-12-26 06:53:45 ~ ::1  ~ Chrome ~ Error 2 :: Line 140 ::  Undefined variable $errstr :: D:\virtual-server\xampp php8.1\htdocs\sfrw_3\library\error\Handler.php :: /sfrw_3/log
2025-12-26 06:53:46 ~ ::1  ~ Chrome ~ Error 2 :: Line 140 ::  Undefined variable $errstr :: D:\virtual-server\xampp php8.1\htdocs\sfrw_3\library\error\Handler.php :: /sfrw_3/log
2025-12-26 06:53:47 ~ ::1  ~ Chrome ~ Error 2 :: Line 140 ::  Undefined variable $errstr :: D:\virtual-server\xampp php8.1\htdocs\sfrw_3\library\error\Handler.php :: /sfrw_3/log
2025-12-26 06:53:47 ~ ::1  ~ Chrome ~ Error 2 :: Line 140 ::  Undefined variable $errstr :: D:\virtual-server\xampp php8.1\htdocs\sfrw_3\library\error\Handler.php :: /sfrw_3/log
2025-12-26 06:53:47 ~ ::1  ~ Chrome ~ Error 2 :: Line 140 ::  Undefined variable $errstr :: D:\virtual-server\xampp php8.1\htdocs\sfrw_3\library\error\Handler.php :: /sfrw_3/log
2025-12-26 06:53:48 ~ ::1  ~ Chrome ~ Error 2 :: Line 140 ::  Undefined variable $errstr :: D:\virtual-server\xampp php8.1\htdocs\sfrw_3\library\error\Handler.php :: /sfrw_3/log
2025-12-26 06:53:49 ~ ::1  ~ Chrome ~ Error 2 :: Line 140 ::  Undefined variable $errstr :: D:\virtual-server\xampp php8.1\htdocs\sfrw_3\library\error\Handler.php :: /sfrw_3/log
2025-12-26 06:53:50 ~ ::1  ~ Chrome ~ Error 2 :: Line 140 ::  Undefined variable $errstr :: D:\virtual-server\xampp php8.1\htdocs\sfrw_3\library\error\Handler.php :: /sfrw_3/log
2025-12-26 06:53:52 ~ ::1  ~ Chrome ~ Error 2 :: Line 140 ::  Undefined variable $errstr :: D:\virtual-server\xampp php8.1\htdocs\sfrw_3\library\error\Handler.php :: /sfrw_3/log
2025-12-26 06:53:53 ~ ::1  ~ Chrome ~ Error 2 :: Line 140 ::  Undefined variable $errstr :: D:\virtual-server\xampp php8.1\htdocs\sfrw_3\library\error\Handler.php :: /sfrw_3/log
2025-12-26 06:53:54 ~ ::1  ~ Chrome ~ Error 2 :: Line 140 ::  Undefined variable $errstr :: D:\virtual-server\xampp php8.1\htdocs\sfrw_3\library\error\Handler.php :: /sfrw_3/log
2025-12-26 06:53:56 ~ ::1  ~ Chrome ~ Error 2 :: Line 140 ::  Undefined variable $errstr :: D:\virtual-server\xampp php8.1\htdocs\sfrw_3\library\error\Handler.php :: /sfrw_3/log
2025-12-26 06:53:57 ~ ::1  ~ Chrome ~ Error 2 :: Line 140 ::  Undefined variable $errstr :: D:\virtual-server\xampp php8.1\htdocs\sfrw_3\library\error\Handler.php :: /sfrw_3/log
2025-12-26 06:53:58 ~ ::1  ~ Chrome ~ Error 2 :: Line 140 ::  Undefined variable $errstr :: D:\virtual-server\xampp php8.1\htdocs\sfrw_3\library\error\Handler.php :: /sfrw_3/log
2025-12-26 06:53:59 ~ ::1  ~ Chrome ~ Error 2 :: Line 140 ::  Undefined variable $errstr :: D:\virtual-server\xampp php8.1\htdocs\sfrw_3\library\error\Handler.php :: /sfrw_3/log
2025-12-26 06:54:00 ~ ::1  ~ Chrome ~ Error 2 :: Line 140 ::  Undefined variable $errstr :: D:\virtual-server\xampp php8.1\htdocs\sfrw_3\library\error\Handler.php :: /sfrw_3/log
2025-12-26 06:54:01 ~ ::1  ~ Chrome ~ Error 2 :: Line 140 ::  Undefined variable $errstr :: D:\virtual-server\xampp php8.1\htdocs\sfrw_3\library\error\Handler.php :: /sfrw_3/log
2025-12-26 06:54:02 ~ ::1  ~ Chrome ~ Error 2 :: Line 140 ::  Undefined variable $errstr :: D:\virtual-server\xampp php8.1\htdocs\sfrw_3\library\error\Handler.php :: /sfrw_3/log
2025-12-26 06:54:03 ~ ::1  ~ Chrome ~ Error 2 :: Line 140 ::  Undefined variable $errstr :: D:\virtual-server\xampp php8.1\htdocs\sfrw_3\library\error\Handler.php :: /sfrw_3/log
2025-12-26 06:54:05 ~ ::1  ~ Chrome ~ Error 2 :: Line 140 ::  Undefined variable $errstr :: D:\virtual-server\xampp php8.1\htdocs\sfrw_3\library\error\Handler.php :: /sfrw_3/log
2025-12-26 06:54:06 ~ ::1  ~ Chrome ~ Error 2 :: Line 140 ::  Undefined variable $errstr :: D:\virtual-server\xampp php8.1\htdocs\sfrw_3\library\error\Handler.php :: /sfrw_3/log
2025-12-26 06:54:07 ~ ::1  ~ Chrome ~ Error 2 :: Line 140 ::  Undefined variable $errstr :: D:\virtual-server\xampp php8.1\htdocs\sfrw_3\library\error\Handler.php :: /sfrw_3/log
2025-12-26 06:54:10 ~ ::1  ~ Chrome ~ Error 2 :: Line 140 ::  Undefined variable $errstr :: D:\virtual-server\xampp php8.1\htdocs\sfrw_3\library\error\Handler.php :: /sfrw_3/log
2025-12-26 06:54:12 ~ ::1  ~ Chrome ~ Error 2 :: Line 140 ::  Undefined variable $errstr :: D:\virtual-server\xampp php8.1\htdocs\sfrw_3\library\error\Handler.php :: /sfrw_3/log
2025-12-26 06:54:13 ~ ::1  ~ Chrome ~ Error 2 :: Line 140 ::  Undefined variable $errstr :: D:\virtual-server\xampp php8.1\htdocs\sfrw_3\library\error\Handler.php :: /sfrw_3/log
2025-12-26 06:54:14 ~ ::1  ~ Chrome ~ Error 2 :: Line 140 ::  Undefined variable $errstr :: D:\virtual-server\xampp php8.1\htdocs\sfrw_3\library\error\Handler.php :: /sfrw_3/log
2025-12-26 06:54:16 ~ ::1  ~ Chrome ~ Error 2 :: Line 140 ::  Undefined variable $errstr :: D:\virtual-server\xampp php8.1\htdocs\sfrw_3\library\error\Handler.php :: /sfrw_3/log
2025-12-26 06:54:17 ~ ::1  ~ Chrome ~ Error 2 :: Line 140 ::  Undefined variable $errstr :: D:\virtual-server\xampp php8.1\htdocs\sfrw_3\library\error\Handler.php :: /sfrw_3/log
2025-12-26 06:54:18 ~ ::1  ~ Chrome ~ Error 2 :: Line 140 ::  Undefined variable $errstr :: D:\virtual-server\xampp php8.1\htdocs\sfrw_3\library\error\Handler.php :: /sfrw_3/log
2025-12-26 06:54:19 ~ ::1  ~ Chrome ~ Error 2 :: Line 140 ::  Undefined variable $errstr :: D:\virtual-server\xampp php8.1\htdocs\sfrw_3\library\error\Handler.php :: /sfrw_3/log
2025-12-26 06:54:20 ~ ::1  ~ Chrome ~ Error 2 :: Line 140 ::  Undefined variable $errstr :: D:\virtual-server\xampp php8.1\htdocs\sfrw_3\library\error\Handler.php :: /sfrw_3/log
2025-12-26 06:54:22 ~ ::1  ~ Chrome ~ Error 2 :: Line 140 ::  Undefined variable $errstr :: D:\virtual-server\xampp php8.1\htdocs\sfrw_3\library\error\Handler.php :: /sfrw_3/log
2025-12-26 13:01:58 ~ ::1  ~ Chrome ~ Error E-ROUTE-404 :: Line 0 ::  Rute tidak ditemukan: log :: - :: /sfrw_3/log
2025-12-26 13:02:16 ~ ::1  ~ Chrome ~ Error E-ROUTE-404 :: Line 0 ::  Rute tidak ditemukan: log :: - :: /sfrw_3/log
2025-12-26 13:04:57 ~ ::1  ~ Chrome ~ Error E-ROUTE-404 :: Line 0 ::  Rute tidak ditemukan: log :: - :: /sfrw_3/log
2025-12-26 13:04:58 ~ ::1  ~ Chrome ~ Error E-ROUTE-404 :: Line 0 ::  Rute tidak ditemukan: log :: - :: /sfrw_3/log
2025-12-26 13:09:23 ~ ::1  ~ Chrome ~ Error E-ROUTE-404 :: Line 0 ::  Rute tidak ditemukan: log :: - :: /sfrw_3/log
2025-12-26 13:09:26 ~ ::1  ~ Chrome ~ Error E-ROUTE-404 :: Line 0 ::  Rute tidak ditemukan: log :: - :: /sfrw_3/log
2025-12-26 13:09:51 ~ ::1  ~ Chrome ~ Error E-ROUTE-404 :: Line 0 ::  Rute tidak ditemukan: log :: - :: /sfrw_3/log
2025-12-26 13:10:43 ~ ::1  ~ Chrome ~ Error E-ROUTE-404 :: Line 0 ::  Rute tidak ditemukan: log :: - :: /sfrw_3/log
2025-12-26 13:11:57 ~ ::1  ~ Chrome ~ Error E-ROUTE-404 :: Line 0 ::  Rute tidak ditemukan: log :: - :: /sfrw_3/log
2025-12-26 13:12:58 ~ ::1  ~ Chrome ~ Error E-ROUTE-404 :: Line 0 ::  Rute tidak ditemukan: log :: - :: /sfrw_3/log
2025-12-26 13:13:28 ~ ::1  ~ Chrome ~ Error E-ROUTE-404 :: Line 0 ::  Rute tidak ditemukan: log :: - :: /sfrw_3/log
2025-12-26 13:20:46 ~ ::1  ~ Chrome ~ Error E-ROUTE-404 :: Line 0 ::  Rute tidak ditemukan: log :: - :: /sfrw_3/log
2025-12-26 13:25:04 ~ ::1  ~ Chrome ~ Error E-ROUTE-404 :: Line 0 ::  Rute tidak ditemukan: log :: - :: /sfrw_3/log
2025-12-26 14:17:52 ~ ::1  ~ Chrome ~ Error E-ROUTE-404 :: Line 0 ::  Rute tidak ditemukan: test :: - :: /sfrw_3/test
2025-12-26 16:49:32 ~ ::1  ~ Chrome ~ Error 2 :: Line 344 :: Undefined variable $get :: D:\virtual-server\xampp php8.1\htdocs\sfrw_3\vendor\sfrw\framework\src\muhammad\contracs\container\Container.php :: /sfrw_3/login
2025-12-26 16:49:32 ~ ::1  ~ Chrome ~ Error 2 :: Line 362 :: Undefined variable $input :: D:\virtual-server\xampp php8.1\htdocs\sfrw_3\vendor\sfrw\framework\src\muhammad\contracs\container\Container.php :: /sfrw_3/login
2025-12-26 16:54:44 ~ ::1  ~ Chrome ~ Error 2 :: Line 344 :: Undefined variable $get :: D:\virtual-server\xampp php8.1\htdocs\sfrw_3\vendor\sfrw\framework\src\muhammad\contracs\container\Container.php :: /sfrw_3/login
2025-12-26 16:54:44 ~ ::1  ~ Chrome ~ Error 2 :: Line 360 :: Undefined variable $input :: D:\virtual-server\xampp php8.1\htdocs\sfrw_3\vendor\sfrw\framework\src\muhammad\contracs\container\Container.php :: /sfrw_3/login
2025-12-26 16:54:45 ~ ::1  ~ Chrome ~ Error 2 :: Line 344 :: Undefined variable $get :: D:\virtual-server\xampp php8.1\htdocs\sfrw_3\vendor\sfrw\framework\src\muhammad\contracs\container\Container.php :: /sfrw_3/login
2025-12-26 16:54:45 ~ ::1  ~ Chrome ~ Error 2 :: Line 360 :: Undefined variable $input :: D:\virtual-server\xampp php8.1\htdocs\sfrw_3\vendor\sfrw\framework\src\muhammad\contracs\container\Container.php :: /sfrw_3/login
2025-12-26 16:56:51 ~ ::1  ~ Chrome ~ Error 2 :: Line 345 :: Undefined variable $get :: D:\virtual-server\xampp php8.1\htdocs\sfrw_3\vendor\sfrw\framework\src\muhammad\contracs\container\Container.php :: /sfrw_3/login
2025-12-26 16:57:32 ~ ::1  ~ Chrome ~ Error 2 :: Line 352 :: Undefined variable $selects :: D:\virtual-server\xampp php8.1\htdocs\sfrw_3\vendor\sfrw\framework\src\muhammad\contracs\container\Container.php :: /sfrw_3/login
2025-12-26 16:57:32 ~ ::1  ~ Chrome ~ Error 2 :: Line 352 :: foreach() argument must be of type array|object, null given :: D:\virtual-server\xampp php8.1\htdocs\sfrw_3\vendor\sfrw\framework\src\muhammad\contracs\container\Container.php :: /sfrw_3/login
2025-12-26 16:57:33 ~ ::1  ~ Chrome ~ Error 2 :: Line 82 :: file(null given): Failed to open stream: No such file or directory :: D:\virtual-server\xampp php8.1\htdocs\sfrw_3\library\error\Handler.php :: /sfrw_3/login
2025-12-26 16:57:34 ~ ::1  ~ Chrome ~ Error 2 :: Line 84 :: foreach() argument must be of type array|object, bool given :: D:\virtual-server\xampp php8.1\htdocs\sfrw_3\library\error\Handler.php :: /sfrw_3/login
2025-12-26 16:57:34 ~ ::1  ~ Chrome ~ Error 2 :: Line 352 :: Undefined variable $selects :: D:\virtual-server\xampp php8.1\htdocs\sfrw_3\vendor\sfrw\framework\src\muhammad\contracs\container\Container.php :: /sfrw_3/login
2025-12-26 16:57:34 ~ ::1  ~ Chrome ~ Error 2 :: Line 352 :: foreach() argument must be of type array|object, null given :: D:\virtual-server\xampp php8.1\htdocs\sfrw_3\vendor\sfrw\framework\src\muhammad\contracs\container\Container.php :: /sfrw_3/login
2025-12-26 16:57:34 ~ ::1  ~ Chrome ~ Error 2 :: Line 82 :: file(null given): Failed to open stream: No such file or directory :: D:\virtual-server\xampp php8.1\htdocs\sfrw_3\library\error\Handler.php :: /sfrw_3/login
2025-12-26 16:57:35 ~ ::1  ~ Chrome ~ Error 2 :: Line 84 :: foreach() argument must be of type array|object, bool given :: D:\virtual-server\xampp php8.1\htdocs\sfrw_3\library\error\Handler.php :: /sfrw_3/login
2025-12-26 16:57:35 ~ ::1  ~ Chrome ~ Error 2 :: Line 352 :: Undefined variable $selects :: D:\virtual-server\xampp php8.1\htdocs\sfrw_3\vendor\sfrw\framework\src\muhammad\contracs\container\Container.php :: /sfrw_3/login
2025-12-26 16:57:35 ~ ::1  ~ Chrome ~ Error 2 :: Line 352 :: foreach() argument must be of type array|object, null given :: D:\virtual-server\xampp php8.1\htdocs\sfrw_3\vendor\sfrw\framework\src\muhammad\contracs\container\Container.php :: /sfrw_3/login
2025-12-26 16:57:36 ~ ::1  ~ Chrome ~ Error 2 :: Line 82 :: file(null given): Failed to open stream: No such file or directory :: D:\virtual-server\xampp php8.1\htdocs\sfrw_3\library\error\Handler.php :: /sfrw_3/login
2025-12-26 16:57:36 ~ ::1  ~ Chrome ~ Error 2 :: Line 84 :: foreach() argument must be of type array|object, bool given :: D:\virtual-server\xampp php8.1\htdocs\sfrw_3\library\error\Handler.php :: /sfrw_3/login
2025-12-26 16:57:37 ~ ::1  ~ Chrome ~ Error 2 :: Line 352 :: Undefined variable $selects :: D:\virtual-server\xampp php8.1\htdocs\sfrw_3\vendor\sfrw\framework\src\muhammad\contracs\container\Container.php :: /sfrw_3/login
2025-12-26 16:57:37 ~ ::1  ~ Chrome ~ Error 2 :: Line 352 :: foreach() argument must be of type array|object, null given :: D:\virtual-server\xampp php8.1\htdocs\sfrw_3\vendor\sfrw\framework\src\muhammad\contracs\container\Container.php :: /sfrw_3/login
2025-12-26 16:57:37 ~ ::1  ~ Chrome ~ Error 2 :: Line 82 :: file(null given): Failed to open stream: No such file or directory :: D:\virtual-server\xampp php8.1\htdocs\sfrw_3\library\error\Handler.php :: /sfrw_3/login
2025-12-26 16:57:37 ~ ::1  ~ Chrome ~ Error 2 :: Line 84 :: foreach() argument must be of type array|object, bool given :: D:\virtual-server\xampp php8.1\htdocs\sfrw_3\library\error\Handler.php :: /sfrw_3/login
2025-12-26 16:57:37 ~ ::1  ~ Chrome ~ Error 2 :: Line 352 :: Undefined variable $selects :: D:\virtual-server\xampp php8.1\htdocs\sfrw_3\vendor\sfrw\framework\src\muhammad\contracs\container\Container.php :: /sfrw_3/login
2025-12-26 16:57:38 ~ ::1  ~ Chrome ~ Error 2 :: Line 352 :: foreach() argument must be of type array|object, null given :: D:\virtual-server\xampp php8.1\htdocs\sfrw_3\vendor\sfrw\framework\src\muhammad\contracs\container\Container.php :: /sfrw_3/login
2025-12-26 16:57:38 ~ ::1  ~ Chrome ~ Error 2 :: Line 82 :: file(null given): Failed to open stream: No such file or directory :: D:\virtual-server\xampp php8.1\htdocs\sfrw_3\library\error\Handler.php :: /sfrw_3/login
2025-12-26 16:57:38 ~ ::1  ~ Chrome ~ Error 2 :: Line 84 :: foreach() argument must be of type array|object, bool given :: D:\virtual-server\xampp php8.1\htdocs\sfrw_3\library\error\Handler.php :: /sfrw_3/login
2025-12-26 16:57:39 ~ ::1  ~ Chrome ~ Error 2 :: Line 352 :: Undefined variable $selects :: D:\virtual-server\xampp php8.1\htdocs\sfrw_3\vendor\sfrw\framework\src\muhammad\contracs\container\Container.php :: /sfrw_3/login
2025-12-26 16:57:39 ~ ::1  ~ Chrome ~ Error 2 :: Line 352 :: foreach() argument must be of type array|object, null given :: D:\virtual-server\xampp php8.1\htdocs\sfrw_3\vendor\sfrw\framework\src\muhammad\contracs\container\Container.php :: /sfrw_3/login
2025-12-26 16:57:39 ~ ::1  ~ Chrome ~ Error 2 :: Line 82 :: file(null given): Failed to open stream: No such file or directory :: D:\virtual-server\xampp php8.1\htdocs\sfrw_3\library\error\Handler.php :: /sfrw_3/login
2025-12-26 16:57:39 ~ ::1  ~ Chrome ~ Error 2 :: Line 84 :: foreach() argument must be of type array|object, bool given :: D:\virtual-server\xampp php8.1\htdocs\sfrw_3\library\error\Handler.php :: /sfrw_3/login
2025-12-26 16:57:40 ~ ::1  ~ Chrome ~ Error 2 :: Line 352 :: Undefined variable $selects :: D:\virtual-server\xampp php8.1\htdocs\sfrw_3\vendor\sfrw\framework\src\muhammad\contracs\container\Container.php :: /sfrw_3/login
2025-12-26 16:57:40 ~ ::1  ~ Chrome ~ Error 2 :: Line 352 :: foreach() argument must be of type array|object, null given :: D:\virtual-server\xampp php8.1\htdocs\sfrw_3\vendor\sfrw\framework\src\muhammad\contracs\container\Container.php :: /sfrw_3/login
2025-12-26 16:57:41 ~ ::1  ~ Chrome ~ Error 2 :: Line 82 :: file(null given): Failed to open stream: No such file or directory :: D:\virtual-server\xampp php8.1\htdocs\sfrw_3\library\error\Handler.php :: /sfrw_3/login
2025-12-26 16:57:41 ~ ::1  ~ Chrome ~ Error 2 :: Line 84 :: foreach() argument must be of type array|object, bool given :: D:\virtual-server\xampp php8.1\htdocs\sfrw_3\library\error\Handler.php :: /sfrw_3/login
2025-12-26 16:57:43 ~ ::1  ~ Chrome ~ Error 2 :: Line 352 :: Undefined variable $selects :: D:\virtual-server\xampp php8.1\htdocs\sfrw_3\vendor\sfrw\framework\src\muhammad\contracs\container\Container.php :: /sfrw_3/login
2025-12-26 16:57:43 ~ ::1  ~ Chrome ~ Error 2 :: Line 352 :: foreach() argument must be of type array|object, null given :: D:\virtual-server\xampp php8.1\htdocs\sfrw_3\vendor\sfrw\framework\src\muhammad\contracs\container\Container.php :: /sfrw_3/login
2025-12-26 16:57:43 ~ ::1  ~ Chrome ~ Error 2 :: Line 82 :: file(null given): Failed to open stream: No such file or directory :: D:\virtual-server\xampp php8.1\htdocs\sfrw_3\library\error\Handler.php :: /sfrw_3/login
2025-12-26 16:57:43 ~ ::1  ~ Chrome ~ Error 2 :: Line 84 :: foreach() argument must be of type array|object, bool given :: D:\virtual-server\xampp php8.1\htdocs\sfrw_3\library\error\Handler.php :: /sfrw_3/login
2025-12-26 16:57:45 ~ ::1  ~ Chrome ~ Error 2 :: Line 352 :: Undefined variable $selects :: D:\virtual-server\xampp php8.1\htdocs\sfrw_3\vendor\sfrw\framework\src\muhammad\contracs\container\Container.php :: /sfrw_3/login
2025-12-26 16:57:45 ~ ::1  ~ Chrome ~ Error 2 :: Line 352 :: foreach() argument must be of type array|object, null given :: D:\virtual-server\xampp php8.1\htdocs\sfrw_3\vendor\sfrw\framework\src\muhammad\contracs\container\Container.php :: /sfrw_3/login
2025-12-26 16:57:45 ~ ::1  ~ Chrome ~ Error 2 :: Line 82 :: file(null given): Failed to open stream: No such file or directory :: D:\virtual-server\xampp php8.1\htdocs\sfrw_3\library\error\Handler.php :: /sfrw_3/login
2025-12-26 16:57:45 ~ ::1  ~ Chrome ~ Error 2 :: Line 84 :: foreach() argument must be of type array|object, bool given :: D:\virtual-server\xampp php8.1\htdocs\sfrw_3\library\error\Handler.php :: /sfrw_3/login
2025-12-26 16:57:46 ~ ::1  ~ Chrome ~ Error 2 :: Line 352 :: Undefined variable $selects :: D:\virtual-server\xampp php8.1\htdocs\sfrw_3\vendor\sfrw\framework\src\muhammad\contracs\container\Container.php :: /sfrw_3/login
2025-12-26 16:57:46 ~ ::1  ~ Chrome ~ Error 2 :: Line 352 :: foreach() argument must be of type array|object, null given :: D:\virtual-server\xampp php8.1\htdocs\sfrw_3\vendor\sfrw\framework\src\muhammad\contracs\container\Container.php :: /sfrw_3/login
2025-12-26 16:57:46 ~ ::1  ~ Chrome ~ Error 2 :: Line 82 :: file(null given): Failed to open stream: No such file or directory :: D:\virtual-server\xampp php8.1\htdocs\sfrw_3\library\error\Handler.php :: /sfrw_3/login
2025-12-26 16:57:47 ~ ::1  ~ Chrome ~ Error 2 :: Line 84 :: foreach() argument must be of type array|object, bool given :: D:\virtual-server\xampp php8.1\htdocs\sfrw_3\library\error\Handler.php :: /sfrw_3/login
2025-12-26 16:57:48 ~ ::1  ~ Chrome ~ Error 2 :: Line 352 :: Undefined variable $selects :: D:\virtual-server\xampp php8.1\htdocs\sfrw_3\vendor\sfrw\framework\src\muhammad\contracs\container\Container.php :: /sfrw_3/login
2025-12-26 16:57:48 ~ ::1  ~ Chrome ~ Error 2 :: Line 352 :: foreach() argument must be of type array|object, null given :: D:\virtual-server\xampp php8.1\htdocs\sfrw_3\vendor\sfrw\framework\src\muhammad\contracs\container\Container.php :: /sfrw_3/login
2025-12-26 16:57:48 ~ ::1  ~ Chrome ~ Error 2 :: Line 82 :: file(null given): Failed to open stream: No such file or directory :: D:\virtual-server\xampp php8.1\htdocs\sfrw_3\library\error\Handler.php :: /sfrw_3/login
2025-12-26 16:57:48 ~ ::1  ~ Chrome ~ Error 2 :: Line 84 :: foreach() argument must be of type array|object, bool given :: D:\virtual-server\xampp php8.1\htdocs\sfrw_3\library\error\Handler.php :: /sfrw_3/login
2025-12-26 16:57:50 ~ ::1  ~ Chrome ~ Error 2 :: Line 352 :: Undefined variable $selects :: D:\virtual-server\xampp php8.1\htdocs\sfrw_3\vendor\sfrw\framework\src\muhammad\contracs\container\Container.php :: /sfrw_3/login
2025-12-26 16:57:50 ~ ::1  ~ Chrome ~ Error 2 :: Line 352 :: foreach() argument must be of type array|object, null given :: D:\virtual-server\xampp php8.1\htdocs\sfrw_3\vendor\sfrw\framework\src\muhammad\contracs\container\Container.php :: /sfrw_3/login
2025-12-26 16:57:50 ~ ::1  ~ Chrome ~ Error 2 :: Line 82 :: file(null given): Failed to open stream: No such file or directory :: D:\virtual-server\xampp php8.1\htdocs\sfrw_3\library\error\Handler.php :: /sfrw_3/login
2025-12-26 16:57:50 ~ ::1  ~ Chrome ~ Error 2 :: Line 84 :: foreach() argument must be of type array|object, bool given :: D:\virtual-server\xampp php8.1\htdocs\sfrw_3\library\error\Handler.php :: /sfrw_3/login
2025-12-26 16:57:51 ~ ::1  ~ Chrome ~ Error 2 :: Line 352 :: Undefined variable $selects :: D:\virtual-server\xampp php8.1\htdocs\sfrw_3\vendor\sfrw\framework\src\muhammad\contracs\container\Container.php :: /sfrw_3/login
2025-12-26 16:57:51 ~ ::1  ~ Chrome ~ Error 2 :: Line 352 :: foreach() argument must be of type array|object, null given :: D:\virtual-server\xampp php8.1\htdocs\sfrw_3\vendor\sfrw\framework\src\muhammad\contracs\container\Container.php :: /sfrw_3/login
2025-12-26 16:57:51 ~ ::1  ~ Chrome ~ Error 2 :: Line 82 :: file(null given): Failed to open stream: No such file or directory :: D:\virtual-server\xampp php8.1\htdocs\sfrw_3\library\error\Handler.php :: /sfrw_3/login
2025-12-26 16:57:52 ~ ::1  ~ Chrome ~ Error 2 :: Line 84 :: foreach() argument must be of type array|object, bool given :: D:\virtual-server\xampp php8.1\htdocs\sfrw_3\library\error\Handler.php :: /sfrw_3/login
2025-12-27 11:14:34 ~ ::1  ~ Chrome ~ Error E-ROUTE-404 :: Line 0 ::  Rute tidak ditemukan: registration :: - :: /sfrw_3/registration
2026-03-06 16:01:41 ~ ::1 ~ Chrome ~ Error E-ROUTE-404 :: Line 0 ::  Rute tidak ditemukan: user :: - :: /sfrw_3/user
2026-03-06 16:01:41 ~ ::1 ~ Chrome ~ Error E-ROUTE-404 :: Line 0 ::  Rute tidak ditemukan: bootstrap/theme/js/main.js :: - :: /sfrw_3/bootstrap/theme/js/main.js?v=0.6
2026-03-06 16:02:09 ~ ::1 ~ Chrome ~ Error E-ROUTE-404 :: Line 0 ::  Rute tidak ditemukan: bootstrap/theme/js/main.js :: - :: /sfrw_3/bootstrap/theme/js/main.js?v=0.6
2026-03-06 16:40:15 ~ ::1 ~ Chrome ~ Error E-ROUTE-404 :: Line 0 ::  Rute tidak ditemukan: setup-database/seeding-sfrw :: - :: /sfrw_3/setup-database/seeding-sfrw
2026-03-06 16:40:15 ~ ::1 ~ Chrome ~ Error E-ROUTE-404 :: Line 0 ::  Rute tidak ditemukan: setup-database/bootstrap/theme/css/bootstrap.css :: - :: /sfrw_3/setup-database/bootstrap/theme/css/bootstrap.css?v=5.3.8
2026-03-06 16:40:15 ~ ::1 ~ Chrome ~ Error E-ROUTE-404 :: Line 0 ::  Rute tidak ditemukan: setup-database/bootstrap/theme/js/jquery-3.7.1.js :: - :: /sfrw_3/setup-database/bootstrap/theme/js/jquery-3.7.1.js
2026-03-06 16:40:15 ~ ::1 ~ Chrome ~ Error E-ROUTE-404 :: Line 0 ::  Rute tidak ditemukan: setup-database/bootstrap/theme/js/jquery-1.11.1.min.js :: - :: /sfrw_3/setup-database/bootstrap/theme/js/jquery-1.11.1.min.js
2026-03-06 16:40:15 ~ ::1 ~ Chrome ~ Error E-ROUTE-404 :: Line 0 ::  Rute tidak ditemukan: setup-database/bootstrap/theme/js/bootstrap.bundle.min.js :: - :: /sfrw_3/setup-database/bootstrap/theme/js/bootstrap.bundle.min.js
2026-03-06 16:40:15 ~ ::1 ~ Chrome ~ Error E-ROUTE-404 :: Line 0 ::  Rute tidak ditemukan: setup-database/bootstrap/theme/js/main.js :: - :: /sfrw_3/setup-database/bootstrap/theme/js/main.js?v=0.6
2026-03-06 16:40:16 ~ ::1 ~ Chrome ~ Error E-ROUTE-404 :: Line 0 ::  Rute tidak ditemukan: setup-database/bootstrap/theme/logo-sfrw.ico :: - :: /sfrw_3/setup-database/bootstrap/theme/logo-sfrw.ico
2026-03-06 16:43:00 ~ ::1 ~ Chrome ~ Error 2 :: Line 15 :: Constant ROUTE already defined :: D:\virtual-server\xampp php8.1\htdocs\sfrw_3\library\Settings.php :: /sfrw_3/setup-database/bootstrap/theme/css/bootstrap.css?v=5.3.8
2026-03-06 16:43:00 ~ ::1 ~ Chrome ~ Error E-ROUTE-404 :: Line 0 ::  Rute tidak ditemukan: setup-database/bootstrap/theme/css/bootstrap.css :: - :: /sfrw_3/setup-database/bootstrap/theme/css/bootstrap.css?v=5.3.8
2026-03-06 16:43:00 ~ ::1 ~ Chrome ~ Error 2 :: Line 15 :: Constant ROUTE already defined :: D:\virtual-server\xampp php8.1\htdocs\sfrw_3\library\Settings.php :: /sfrw_3/setup-database/bootstrap/theme/fontawesome/js/all.js
2026-03-06 16:43:00 ~ ::1 ~ Chrome ~ Error E-ROUTE-404 :: Line 0 ::  Rute tidak ditemukan: setup-database/bootstrap/theme/fontawesome/js/all.js :: - :: /sfrw_3/setup-database/bootstrap/theme/fontawesome/js/all.js
2026-03-06 16:43:00 ~ ::1 ~ Chrome ~ Error 2 :: Line 15 :: Constant ROUTE already defined :: D:\virtual-server\xampp php8.1\htdocs\sfrw_3\library\Settings.php :: /sfrw_3/setup-database/bootstrap/theme/js/jquery-1.11.1.min.js
2026-03-06 16:43:00 ~ ::1 ~ Chrome ~ Error E-ROUTE-404 :: Line 0 ::  Rute tidak ditemukan: setup-database/bootstrap/theme/js/jquery-1.11.1.min.js :: - :: /sfrw_3/setup-database/bootstrap/theme/js/jquery-1.11.1.min.js
2026-03-06 16:43:00 ~ ::1 ~ Chrome ~ Error 2 :: Line 15 :: Constant ROUTE already defined :: D:\virtual-server\xampp php8.1\htdocs\sfrw_3\library\Settings.php :: /sfrw_3/setup-database/bootstrap/theme/js/bootstrap.bundle.min.js
2026-03-06 16:43:00 ~ ::1 ~ Chrome ~ Error E-ROUTE-404 :: Line 0 ::  Rute tidak ditemukan: setup-database/bootstrap/theme/js/bootstrap.bundle.min.js :: - :: /sfrw_3/setup-database/bootstrap/theme/js/bootstrap.bundle.min.js
2026-03-06 16:43:00 ~ ::1 ~ Chrome ~ Error 2 :: Line 15 :: Constant ROUTE already defined :: D:\virtual-server\xampp php8.1\htdocs\sfrw_3\library\Settings.php :: /sfrw_3/setup-database/bootstrap/theme/js/main.js?v=0.6
2026-03-06 16:43:00 ~ ::1 ~ Chrome ~ Error E-ROUTE-404 :: Line 0 ::  Rute tidak ditemukan: setup-database/bootstrap/theme/js/main.js :: - :: /sfrw_3/setup-database/bootstrap/theme/js/main.js?v=0.6
2026-03-06 16:43:01 ~ ::1 ~ Chrome ~ Error 2 :: Line 15 :: Constant ROUTE already defined :: D:\virtual-server\xampp php8.1\htdocs\sfrw_3\library\Settings.php :: /sfrw_3/setup-database/bootstrap/theme/logo-sfrw.ico
2026-03-06 16:43:01 ~ ::1 ~ Chrome ~ Error E-ROUTE-404 :: Line 0 ::  Rute tidak ditemukan: setup-database/bootstrap/theme/logo-sfrw.ico :: - :: /sfrw_3/setup-database/bootstrap/theme/logo-sfrw.ico
2026-03-06 16:46:19 ~ ::1 ~ Chrome ~ Error 2 :: Line 15 :: Constant ROUTE already defined :: D:\virtual-server\xampp php8.1\htdocs\sfrw_3\library\Settings.php :: /sfrw_3/bootstrap/theme/js/main.js?v=0.6
2026-03-06 16:46:19 ~ ::1 ~ Chrome ~ Error E-ROUTE-404 :: Line 0 ::  Rute tidak ditemukan: bootstrap/theme/js/main.js :: - :: /sfrw_3/bootstrap/theme/js/main.js?v=0.6
2026-03-06 16:54:40 ~ ::1 ~ Chrome ~ Error 2 :: Line 15 :: Constant ROUTE already defined :: D:\virtual-server\xampp php8.1\htdocs\sfrw_3\library\Settings.php :: /sfrw_3/bootstrap/theme/js/main.js?v=0.6
2026-03-06 16:54:40 ~ ::1 ~ Chrome ~ Error E-ROUTE-404 :: Line 0 ::  Rute tidak ditemukan: bootstrap/theme/js/main.js :: - :: /sfrw_3/bootstrap/theme/js/main.js?v=0.6
2026-03-06 16:54:41 ~ ::1 ~ Chrome ~ Error 2 :: Line 15 :: Constant ROUTE already defined :: D:\virtual-server\xampp php8.1\htdocs\sfrw_3\library\Settings.php :: /sfrw_3/bootstrap/theme/js/main.js?v=0.6
2026-03-06 16:54:41 ~ ::1 ~ Chrome ~ Error E-ROUTE-404 :: Line 0 ::  Rute tidak ditemukan: bootstrap/theme/js/main.js :: - :: /sfrw_3/bootstrap/theme/js/main.js?v=0.6
2026-03-06 16:57:10 ~ ::1 ~ Chrome ~ Error 2 :: Line 15 :: Constant ROUTE already defined :: D:\virtual-server\xampp php8.1\htdocs\sfrw_3\library\Settings.php :: /sfrw_3/bootstrap/theme/js/main.js?v=0.6
2026-03-06 16:57:15 ~ ::1 ~ Chrome ~ Error 2 :: Line 15 :: Constant ROUTE already defined :: D:\virtual-server\xampp php8.1\htdocs\sfrw_3\library\Settings.php :: /sfrw_3/bootstrap/theme/js/main.js?v=0.6
2026-03-06 16:57:21 ~ ::1 ~ Chrome ~ Error 2 :: Line 15 :: Constant ROUTE already defined :: D:\virtual-server\xampp php8.1\htdocs\sfrw_3\library\Settings.php :: /sfrw_3/bootstrap/theme/js/main.js?v=0.6
2026-03-06 16:57:38 ~ ::1 ~ Chrome ~ Error E-ROUTE-404 :: Line 0 ::  Rute tidak ditemukan: bootstrap/theme/js/main.js :: - :: /sfrw_3/bootstrap/theme/js/main.js?v=0.6
2026-03-06 17:00:41 ~ ::1 ~ Chrome ~ Error E-ROUTE-404 :: Line 0 ::  Rute tidak ditemukan: bootstrap/theme/js/main.js :: - :: /sfrw_3/bootstrap/theme/js/main.js?v=0.6
2026-03-06 17:00:46 ~ ::1 ~ Chrome ~ Error E-ROUTE-404 :: Line 0 ::  Rute tidak ditemukan: bootstrap/theme/js/main.js :: - :: /sfrw_3/bootstrap/theme/js/main.js?v=0.6
2026-03-06 17:01:57 ~ ::1 ~ Chrome ~ Error 2 :: Line 15 :: Constant ROUTE already defined :: D:\virtual-server\xampp php8.1\htdocs\sfrw_3\library\Settings.php :: /sfrw_3/bootstrap/theme/js/main.js?v=0.6
2026-03-06 17:01:57 ~ ::1 ~ Chrome ~ Error E-ROUTE-404 :: Line 0 ::  Rute tidak ditemukan: bootstrap/theme/js/main.js :: - :: /sfrw_3/bootstrap/theme/js/main.js?v=0.6
2026-03-06 17:02:57 ~ ::1 ~ Chrome ~ Error 2 :: Line 15 :: Constant ROUTE already defined :: D:\virtual-server\xampp php8.1\htdocs\sfrw_3\library\Settings.php :: /sfrw_3/bootstrap/theme/js/main.js?v=0.6
2026-03-06 17:02:57 ~ ::1 ~ Chrome ~ Error E-ROUTE-404 :: Line 0 ::  Rute tidak ditemukan: bootstrap/theme/js/main.js :: - :: /sfrw_3/bootstrap/theme/js/main.js?v=0.6
2026-03-06 17:03:11 ~ ::1 ~ Chrome ~ Error 2 :: Line 15 :: Constant ROUTE already defined :: D:\virtual-server\xampp php8.1\htdocs\sfrw_3\library\Settings.php :: /sfrw_3/bootstrap/theme/js/main.js?v=0.6
2026-03-06 17:03:11 ~ ::1 ~ Chrome ~ Error E-ROUTE-404 :: Line 0 ::  Rute tidak ditemukan: bootstrap/theme/js/main.js :: - :: /sfrw_3/bootstrap/theme/js/main.js?v=0.6
2026-03-06 17:03:46 ~ ::1 ~ Chrome ~ Error 2 :: Line 15 :: Constant ROUTE already defined :: D:\virtual-server\xampp php8.1\htdocs\sfrw_3\library\Settings.php :: /sfrw_3/bootstrap/theme/js/main.js?v=0.6
2026-03-06 17:03:46 ~ ::1 ~ Chrome ~ Error E-ROUTE-404 :: Line 0 ::  Rute tidak ditemukan: bootstrap/theme/js/main.js :: - :: /sfrw_3/bootstrap/theme/js/main.js?v=0.6
2026-03-06 17:03:57 ~ ::1 ~ Chrome ~ Error 2 :: Line 15 :: Constant ROUTE already defined :: D:\virtual-server\xampp php8.1\htdocs\sfrw_3\library\Settings.php :: /sfrw_3/bootstrap/theme/js/main.js?v=0.6
2026-03-06 17:03:57 ~ ::1 ~ Chrome ~ Error E-ROUTE-404 :: Line 0 ::  Rute tidak ditemukan: bootstrap/theme/js/main.js :: - :: /sfrw_3/bootstrap/theme/js/main.js?v=0.6
2026-03-06 17:03:59 ~ ::1 ~ Chrome ~ Error 2 :: Line 15 :: Constant ROUTE already defined :: D:\virtual-server\xampp php8.1\htdocs\sfrw_3\library\Settings.php :: /sfrw_3/bootstrap/theme/js/main.js?v=0.6
2026-03-06 17:03:59 ~ ::1 ~ Chrome ~ Error E-ROUTE-404 :: Line 0 ::  Rute tidak ditemukan: bootstrap/theme/js/main.js :: - :: /sfrw_3/bootstrap/theme/js/main.js?v=0.6
2026-03-06 17:03:59 ~ ::1 ~ Chrome ~ Error 2 :: Line 15 :: Constant ROUTE already defined :: D:\virtual-server\xampp php8.1\htdocs\sfrw_3\library\Settings.php :: /sfrw_3/bootstrap/theme/js/main.js?v=0.6
2026-03-06 17:03:59 ~ ::1 ~ Chrome ~ Error E-ROUTE-404 :: Line 0 ::  Rute tidak ditemukan: bootstrap/theme/js/main.js :: - :: /sfrw_3/bootstrap/theme/js/main.js?v=0.6
2026-03-06 17:03:59 ~ ::1 ~ Chrome ~ Error 2 :: Line 15 :: Constant ROUTE already defined :: D:\virtual-server\xampp php8.1\htdocs\sfrw_3\library\Settings.php :: /sfrw_3/bootstrap/theme/js/main.js?v=0.6
2026-03-06 17:03:59 ~ ::1 ~ Chrome ~ Error E-ROUTE-404 :: Line 0 ::  Rute tidak ditemukan: bootstrap/theme/js/main.js :: - :: /sfrw_3/bootstrap/theme/js/main.js?v=0.6
2026-03-06 17:12:17 ~ ::1 ~ Chrome ~ Error E-ROUTE-404 :: Line 0 ::  Rute tidak ditemukan: setup-database/ :: - :: /sfrw_3/setup-database/
2026-03-06 17:12:17 ~ ::1 ~ Chrome ~ Error E-ROUTE-404 :: Line 0 ::  Rute tidak ditemukan: setup-database/bootstrap/theme/css/bootstrap.css :: - :: /sfrw_3/setup-database/bootstrap/theme/css/bootstrap.css?v=5.3.8
2026-03-06 17:12:17 ~ ::1 ~ Chrome ~ Error E-ROUTE-404 :: Line 0 ::  Rute tidak ditemukan: setup-database/bootstrap/theme/js/bootstrap.bundle.min.js :: - :: /sfrw_3/setup-database/bootstrap/theme/js/bootstrap.bundle.min.js
2026-03-06 17:12:18 ~ ::1 ~ Chrome ~ Error E-ROUTE-404 :: Line 0 ::  Rute tidak ditemukan: setup-database/bootstrap/theme/js/bootstrap.min.js :: - :: /sfrw_3/setup-database/bootstrap/theme/js/bootstrap.min.js
2026-03-06 17:12:18 ~ ::1 ~ Chrome ~ Error E-ROUTE-404 :: Line 0 ::  Rute tidak ditemukan: setup-database/bootstrap/theme/fontawesome/css/all.css :: - :: /sfrw_3/setup-database/bootstrap/theme/fontawesome/css/all.css
2026-03-06 17:12:18 ~ ::1 ~ Chrome ~ Error E-ROUTE-404 :: Line 0 ::  Rute tidak ditemukan: setup-database/bootstrap/theme/js/main.js :: - :: /sfrw_3/setup-database/bootstrap/theme/js/main.js?v=0.6
2026-03-06 17:12:18 ~ ::1 ~ Chrome ~ Error E-ROUTE-404 :: Line 0 ::  Rute tidak ditemukan: setup-database/bootstrap/theme/logo-sfrw.ico :: - :: /sfrw_3/setup-database/bootstrap/theme/logo-sfrw.ico
2026-03-06 17:12:55 ~ ::1 ~ Chrome ~ Error E-ROUTE-404 :: Line 0 ::  Rute tidak ditemukan: setup-database/bootstrap/theme/css/bootstrap.css :: - :: /sfrw_3/setup-database/bootstrap/theme/css/bootstrap.css?v=5.3.8
2026-03-06 17:12:55 ~ ::1 ~ Chrome ~ Error E-ROUTE-404 :: Line 0 ::  Rute tidak ditemukan: setup-database/bootstrap/theme/js/bootstrap.min.js :: - :: /sfrw_3/setup-database/bootstrap/theme/js/bootstrap.min.js
2026-03-06 17:12:55 ~ ::1 ~ Chrome ~ Error E-ROUTE-404 :: Line 0 ::  Rute tidak ditemukan: setup-database/bootstrap/theme/js/jquery-3.7.1.js :: - :: /sfrw_3/setup-database/bootstrap/theme/js/jquery-3.7.1.js
2026-03-06 17:12:55 ~ ::1 ~ Chrome ~ Error E-ROUTE-404 :: Line 0 ::  Rute tidak ditemukan: setup-database/bootstrap/theme/js/jquery-1.11.1.min.js :: - :: /sfrw_3/setup-database/bootstrap/theme/js/jquery-1.11.1.min.js
2026-03-06 17:12:55 ~ ::1 ~ Chrome ~ Error E-ROUTE-404 :: Line 0 ::  Rute tidak ditemukan: setup-database/bootstrap/theme/js/main.js :: - :: /sfrw_3/setup-database/bootstrap/theme/js/main.js?v=0.6
2026-03-06 17:12:55 ~ ::1 ~ Chrome ~ Error E-ROUTE-404 :: Line 0 ::  Rute tidak ditemukan: setup-database/bootstrap/theme/logo-sfrw.ico :: - :: /sfrw_3/setup-database/bootstrap/theme/logo-sfrw.ico
2026-03-06 17:19:10 ~ ::1 ~ Chrome ~ Error E-ROUTE-404 :: Line 0 ::  Rute tidak ditemukan: setup-database-seeding-sfrw :: - :: /sfrw_3/setup-database-seeding-sfrw
2026-03-06 17:19:17 ~ ::1 ~ Chrome ~ Error E-ROUTE-404 :: Line 0 ::  Rute tidak ditemukan: setup-database :: - :: /sfrw_3/setup-database
2026-03-06 17:20:04 ~ ::1 ~ Chrome ~ Error E-ROUTE-404 :: Line 0 ::  Rute tidak ditemukan: logs/ :: - :: /sfrw_3/logs/
2026-03-06 17:20:05 ~ ::1 ~ Chrome ~ Error E-ROUTE-404 :: Line 0 ::  Rute tidak ditemukan: logs/bootstrap/theme/css/bootstrap.css :: - :: /sfrw_3/logs/bootstrap/theme/css/bootstrap.css?v=5.3.8
2026-03-06 17:20:05 ~ ::1 ~ Chrome ~ Error E-ROUTE-404 :: Line 0 ::  Rute tidak ditemukan: logs/bootstrap/theme/fontawesome/js/all.js :: - :: /sfrw_3/logs/bootstrap/theme/fontawesome/js/all.js
2026-03-06 17:20:05 ~ ::1 ~ Chrome ~ Error E-ROUTE-404 :: Line 0 ::  Rute tidak ditemukan: logs/bootstrap/theme/js/jquery-3.7.1.js :: - :: /sfrw_3/logs/bootstrap/theme/js/jquery-3.7.1.js
2026-03-06 17:20:05 ~ ::1 ~ Chrome ~ Error E-ROUTE-404 :: Line 0 ::  Rute tidak ditemukan: logs/bootstrap/theme/js/bootstrap.bundle.min.js :: - :: /sfrw_3/logs/bootstrap/theme/js/bootstrap.bundle.min.js
2026-03-06 17:20:05 ~ ::1 ~ Chrome ~ Error E-ROUTE-404 :: Line 0 ::  Rute tidak ditemukan: logs/bootstrap/theme/js/main.js :: - :: /sfrw_3/logs/bootstrap/theme/js/main.js?v=0.6
2026-03-06 17:20:05 ~ ::1 ~ Chrome ~ Error E-ROUTE-404 :: Line 0 ::  Rute tidak ditemukan: logs/bootstrap/theme/logo-sfrw.ico :: - :: /sfrw_3/logs/bootstrap/theme/logo-sfrw.ico
2026-03-06 17:20:58 ~ ::1 ~ Chrome ~ Error E-ROUTE-404 :: Line 0 ::  Rute tidak ditemukan: logs-2023-10-27.log :: - :: /sfrw_3/logs-2023-10-27.log
2026-03-06 17:21:02 ~ ::1 ~ Chrome ~ Error E-ROUTE-404 :: Line 0 ::  Rute tidak ditemukan: logs-2023-10-27 :: - :: /sfrw_3/logs-2023-10-27
2026-03-06 17:21:07 ~ ::1 ~ Chrome ~ Error E-ROUTE-404 :: Line 0 ::  Rute tidak ditemukan: logs/ :: - :: /sfrw_3/logs/
2026-03-06 17:21:07 ~ ::1 ~ Chrome ~ Error E-ROUTE-404 :: Line 0 ::  Rute tidak ditemukan: logs/bootstrap/theme/css/bootstrap.css :: - :: /sfrw_3/logs/bootstrap/theme/css/bootstrap.css?v=5.3.8
2026-03-06 17:21:07 ~ ::1 ~ Chrome ~ Error E-ROUTE-404 :: Line 0 ::  Rute tidak ditemukan: logs/bootstrap/theme/fontawesome/css/all.css :: - :: /sfrw_3/logs/bootstrap/theme/fontawesome/css/all.css
2026-03-06 17:21:07 ~ ::1 ~ Chrome ~ Error E-ROUTE-404 :: Line 0 ::  Rute tidak ditemukan: logs/bootstrap/theme/js/jquery-1.11.1.min.js :: - :: /sfrw_3/logs/bootstrap/theme/js/jquery-1.11.1.min.js
2026-03-06 17:21:07 ~ ::1 ~ Chrome ~ Error E-ROUTE-404 :: Line 0 ::  Rute tidak ditemukan: logs/bootstrap/theme/fontawesome/js/all.js :: - :: /sfrw_3/logs/bootstrap/theme/fontawesome/js/all.js
2026-03-06 17:21:08 ~ ::1 ~ Chrome ~ Error E-ROUTE-404 :: Line 0 ::  Rute tidak ditemukan: logs/bootstrap/theme/js/main.js :: - :: /sfrw_3/logs/bootstrap/theme/js/main.js?v=0.6
2026-03-06 17:21:08 ~ ::1 ~ Chrome ~ Error E-ROUTE-404 :: Line 0 ::  Rute tidak ditemukan: logs/bootstrap/theme/logo-sfrw.ico :: - :: /sfrw_3/logs/bootstrap/theme/logo-sfrw.ico
2026-03-06 17:27:28 ~ ::1 ~ Chrome ~ Error E-ROUTE-404 :: Line 0 ::  Rute tidak ditemukan: logs- :: - :: /sfrw_3/logs-
2026-03-06 17:27:41 ~ ::1 ~ Chrome ~ Error E-ROUTE-404 :: Line 0 ::  Rute tidak ditemukan: login/1 :: - :: /sfrw_3/login/1
2026-03-06 17:27:41 ~ ::1 ~ Chrome ~ Error E-ROUTE-404 :: Line 0 ::  Rute tidak ditemukan: login/bootstrap/theme/css/bootstrap.css :: - :: /sfrw_3/login/bootstrap/theme/css/bootstrap.css?v=5.3.8
2026-03-06 17:27:41 ~ ::1 ~ Chrome ~ Error E-ROUTE-404 :: Line 0 ::  Rute tidak ditemukan: login/bootstrap/theme/js/jquery-1.11.1.min.js :: - :: /sfrw_3/login/bootstrap/theme/js/jquery-1.11.1.min.js
2026-03-06 17:27:41 ~ ::1 ~ Chrome ~ Error E-ROUTE-404 :: Line 0 ::  Rute tidak ditemukan: login/bootstrap/theme/fontawesome/js/all.js :: - :: /sfrw_3/login/bootstrap/theme/fontawesome/js/all.js
2026-03-06 17:27:41 ~ ::1 ~ Chrome ~ Error E-ROUTE-404 :: Line 0 ::  Rute tidak ditemukan: login/bootstrap/theme/fontawesome/css/all.css :: - :: /sfrw_3/login/bootstrap/theme/fontawesome/css/all.css
2026-03-06 17:27:41 ~ ::1 ~ Chrome ~ Error E-ROUTE-404 :: Line 0 ::  Rute tidak ditemukan: login/bootstrap/theme/js/main.js :: - :: /sfrw_3/login/bootstrap/theme/js/main.js?v=0.6
2026-03-06 17:27:42 ~ ::1 ~ Chrome ~ Error E-ROUTE-404 :: Line 0 ::  Rute tidak ditemukan: login/bootstrap/theme/logo-sfrw.ico :: - :: /sfrw_3/login/bootstrap/theme/logo-sfrw.ico
2026-03-06 17:27:56 ~ ::1 ~ Chrome ~ Error E-ROUTE-404 :: Line 0 ::  Rute tidak ditemukan: logs- :: - :: /sfrw_3/logs-
2026-03-06 17:29:32 ~ ::1 ~ Chrome ~ Error E-ROUTE-404 :: Line 0 ::  Rute tidak ditemukan: logs :: - :: /sfrw_3/logs/
2026-03-06 17:29:32 ~ ::1 ~ Chrome ~ Error E-ROUTE-404 :: Line 0 ::  Rute tidak ditemukan: logs/bootstrap/theme/css/bootstrap.css :: - :: /sfrw_3/logs/bootstrap/theme/css/bootstrap.css?v=5.3.8
2026-03-06 17:29:32 ~ ::1 ~ Chrome ~ Error E-ROUTE-404 :: Line 0 ::  Rute tidak ditemukan: logs/bootstrap/theme/js/bootstrap.min.js :: - :: /sfrw_3/logs/bootstrap/theme/js/bootstrap.min.js
2026-03-06 17:29:32 ~ ::1 ~ Chrome ~ Error E-ROUTE-404 :: Line 0 ::  Rute tidak ditemukan: logs/bootstrap/theme/js/jquery-1.11.1.min.js :: - :: /sfrw_3/logs/bootstrap/theme/js/jquery-1.11.1.min.js
2026-03-06 17:29:32 ~ ::1 ~ Chrome ~ Error E-ROUTE-404 :: Line 0 ::  Rute tidak ditemukan: logs/bootstrap/theme/fontawesome/js/all.js :: - :: /sfrw_3/logs/bootstrap/theme/fontawesome/js/all.js
2026-03-06 17:29:32 ~ ::1 ~ Chrome ~ Error E-ROUTE-404 :: Line 0 ::  Rute tidak ditemukan: logs/bootstrap/theme/js/main.js :: - :: /sfrw_3/logs/bootstrap/theme/js/main.js?v=0.6
2026-03-06 17:29:32 ~ ::1 ~ Chrome ~ Error E-ROUTE-404 :: Line 0 ::  Rute tidak ditemukan: logs/bootstrap/theme/logo-sfrw.ico :: - :: /sfrw_3/logs/bootstrap/theme/logo-sfrw.ico
2026-03-06 17:29:55 ~ ::1 ~ Chrome ~ Error E-ROUTE-404 :: Line 0 ::  Rute tidak ditemukan: logs-/bootstrap/theme/css/bootstrap.css :: - :: /sfrw_3/logs-/bootstrap/theme/css/bootstrap.css?v=5.3.8
2026-03-06 17:29:55 ~ ::1 ~ Chrome ~ Error E-ROUTE-404 :: Line 0 ::  Rute tidak ditemukan: logs-/bootstrap/theme/js/jquery-1.11.1.min.js :: - :: /sfrw_3/logs-/bootstrap/theme/js/jquery-1.11.1.min.js
2026-03-06 17:29:55 ~ ::1 ~ Chrome ~ Error E-ROUTE-404 :: Line 0 ::  Rute tidak ditemukan: logs-/bootstrap/theme/js/bootstrap.min.js :: - :: /sfrw_3/logs-/bootstrap/theme/js/bootstrap.min.js
2026-03-06 17:29:55 ~ ::1 ~ Chrome ~ Error E-ROUTE-404 :: Line 0 ::  Rute tidak ditemukan: logs-/bootstrap/theme/fontawesome/css/all.css :: - :: /sfrw_3/logs-/bootstrap/theme/fontawesome/css/all.css
2026-03-06 17:29:55 ~ ::1 ~ Chrome ~ Error E-ROUTE-404 :: Line 0 ::  Rute tidak ditemukan: logs-/bootstrap/theme/js/main.js :: - :: /sfrw_3/logs-/bootstrap/theme/js/main.js?v=0.6
2026-03-06 17:29:56 ~ ::1 ~ Chrome ~ Error E-ROUTE-404 :: Line 0 ::  Rute tidak ditemukan: logs-/bootstrap/theme/logo-sfrw.ico :: - :: /sfrw_3/logs-/bootstrap/theme/logo-sfrw.ico
2026-03-06 17:30:20 ~ ::1 ~ Chrome ~ Error E-ROUTE-404 :: Line 0 ::  Rute tidak ditemukan: logs- :: - :: /sfrw_3/logs-
2026-03-06 17:30:43 ~ ::1 ~ Chrome ~ Error E-ROUTE-404 :: Line 0 ::  Rute tidak ditemukan: logs- :: - :: /sfrw_3/logs-
2026-03-06 17:31:30 ~ ::1 ~ Chrome ~ Error E-ROUTE-404 :: Line 0 ::  Rute tidak ditemukan: logs-/error.log :: - :: /sfrw_3/logs-/error.log
2026-03-06 17:31:30 ~ ::1 ~ Chrome ~ Error E-ROUTE-404 :: Line 0 ::  Rute tidak ditemukan: logs-/bootstrap/theme/css/bootstrap.css :: - :: /sfrw_3/logs-/bootstrap/theme/css/bootstrap.css?v=5.3.8
2026-03-06 17:31:30 ~ ::1 ~ Chrome ~ Error E-ROUTE-404 :: Line 0 ::  Rute tidak ditemukan: logs-/bootstrap/theme/js/bootstrap.bundle.min.js :: - :: /sfrw_3/logs-/bootstrap/theme/js/bootstrap.bundle.min.js
2026-03-06 17:31:30 ~ ::1 ~ Chrome ~ Error E-ROUTE-404 :: Line 0 ::  Rute tidak ditemukan: logs-/bootstrap/theme/js/jquery-3.7.1.js :: - :: /sfrw_3/logs-/bootstrap/theme/js/jquery-3.7.1.js
2026-03-06 17:31:31 ~ ::1 ~ Chrome ~ Error E-ROUTE-404 :: Line 0 ::  Rute tidak ditemukan: logs-/bootstrap/theme/js/jquery-1.11.1.min.js :: - :: /sfrw_3/logs-/bootstrap/theme/js/jquery-1.11.1.min.js
2026-03-06 17:31:31 ~ ::1 ~ Chrome ~ Error E-ROUTE-404 :: Line 0 ::  Rute tidak ditemukan: logs-/bootstrap/theme/js/main.js :: - :: /sfrw_3/logs-/bootstrap/theme/js/main.js?v=0.6
2026-03-06 17:31:31 ~ ::1 ~ Chrome ~ Error E-ROUTE-404 :: Line 0 ::  Rute tidak ditemukan: logs-/bootstrap/theme/logo-sfrw.ico :: - :: /sfrw_3/logs-/bootstrap/theme/logo-sfrw.ico
2026-03-06 17:31:41 ~ ::1 ~ Chrome ~ Error E-ROUTE-404 :: Line 0 ::  Rute tidak ditemukan: logs-/bootstrap/theme/css/bootstrap.css :: - :: /sfrw_3/logs-/bootstrap/theme/css/bootstrap.css?v=5.3.8
2026-03-06 17:31:41 ~ ::1 ~ Chrome ~ Error E-ROUTE-404 :: Line 0 ::  Rute tidak ditemukan: logs-/bootstrap/theme/fontawesome/js/all.js :: - :: /sfrw_3/logs-/bootstrap/theme/fontawesome/js/all.js
2026-03-06 17:31:41 ~ ::1 ~ Chrome ~ Error E-ROUTE-404 :: Line 0 ::  Rute tidak ditemukan: logs-/bootstrap/theme/js/jquery-3.7.1.js :: - :: /sfrw_3/logs-/bootstrap/theme/js/jquery-3.7.1.js
2026-03-06 17:31:41 ~ ::1 ~ Chrome ~ Error E-ROUTE-404 :: Line 0 ::  Rute tidak ditemukan: logs-/bootstrap/theme/js/bootstrap.bundle.min.js :: - :: /sfrw_3/logs-/bootstrap/theme/js/bootstrap.bundle.min.js
2026-03-06 17:31:41 ~ ::1 ~ Chrome ~ Error E-ROUTE-404 :: Line 0 ::  Rute tidak ditemukan: logs-/bootstrap/theme/js/main.js :: - :: /sfrw_3/logs-/bootstrap/theme/js/main.js?v=0.6
2026-03-06 17:31:42 ~ ::1 ~ Chrome ~ Error E-ROUTE-404 :: Line 0 ::  Rute tidak ditemukan: logs-/bootstrap/theme/logo-sfrw.ico :: - :: /sfrw_3/logs-/bootstrap/theme/logo-sfrw.ico
2026-03-06 17:31:47 ~ ::1 ~ Chrome ~ Error E-ROUTE-404 :: Line 0 ::  Rute tidak ditemukan: logs-/bootstrap/theme/css/bootstrap.min.css :: - :: /sfrw_3/logs-/bootstrap/theme/css/bootstrap.min.css?v=5.3.8
2026-03-06 17:31:47 ~ ::1 ~ Chrome ~ Error E-ROUTE-404 :: Line 0 ::  Rute tidak ditemukan: logs-/bootstrap/theme/js/jquery-1.11.1.min.js :: - :: /sfrw_3/logs-/bootstrap/theme/js/jquery-1.11.1.min.js
2026-03-06 17:31:47 ~ ::1 ~ Chrome ~ Error E-ROUTE-404 :: Line 0 ::  Rute tidak ditemukan: logs-/bootstrap/theme/js/jquery-3.7.1.js :: - :: /sfrw_3/logs-/bootstrap/theme/js/jquery-3.7.1.js
2026-03-06 17:31:47 ~ ::1 ~ Chrome ~ Error E-ROUTE-404 :: Line 0 ::  Rute tidak ditemukan: logs-/bootstrap/theme/fontawesome/js/all.js :: - :: /sfrw_3/logs-/bootstrap/theme/fontawesome/js/all.js
2026-03-06 17:31:47 ~ ::1 ~ Chrome ~ Error E-ROUTE-404 :: Line 0 ::  Rute tidak ditemukan: logs-/bootstrap/theme/js/main.js :: - :: /sfrw_3/logs-/bootstrap/theme/js/main.js?v=0.6
2026-03-06 17:31:48 ~ ::1 ~ Chrome ~ Error E-ROUTE-404 :: Line 0 ::  Rute tidak ditemukan: logs-/bootstrap/theme/logo-sfrw.ico :: - :: /sfrw_3/logs-/bootstrap/theme/logo-sfrw.ico
2026-03-06 17:32:27 ~ ::1 ~ Chrome ~ Error E-ROUTE-404 :: Line 0 ::  Rute tidak ditemukan: logss/bootstrap/theme/css/bootstrap.css :: - :: /sfrw_3/logss/bootstrap/theme/css/bootstrap.css?v=5.3.8
2026-03-06 17:32:27 ~ ::1 ~ Chrome ~ Error E-ROUTE-404 :: Line 0 ::  Rute tidak ditemukan: logss/bootstrap/theme/js/bootstrap.min.js :: - :: /sfrw_3/logss/bootstrap/theme/js/bootstrap.min.js
2026-03-06 17:32:27 ~ ::1 ~ Chrome ~ Error E-ROUTE-404 :: Line 0 ::  Rute tidak ditemukan: logss/bootstrap/theme/js/jquery-1.11.1.min.js :: - :: /sfrw_3/logss/bootstrap/theme/js/jquery-1.11.1.min.js
2026-03-06 17:32:27 ~ ::1 ~ Chrome ~ Error E-ROUTE-404 :: Line 0 ::  Rute tidak ditemukan: logss/bootstrap/theme/css/datatables-bootstrap-5.css :: - :: /sfrw_3/logss/bootstrap/theme/css/datatables-bootstrap-5.css
2026-03-06 17:32:27 ~ ::1 ~ Chrome ~ Error E-ROUTE-404 :: Line 0 ::  Rute tidak ditemukan: logss/bootstrap/theme/js/bootstrap.bundle.min.js :: - :: /sfrw_3/logss/bootstrap/theme/js/bootstrap.bundle.min.js
2026-03-06 17:32:27 ~ ::1 ~ Chrome ~ Error E-ROUTE-404 :: Line 0 ::  Rute tidak ditemukan: logss/bootstrap/theme/js/dataTables.bootstrap5.js :: - :: /sfrw_3/logss/bootstrap/theme/js/dataTables.bootstrap5.js
2026-03-06 17:32:28 ~ ::1 ~ Chrome ~ Error E-ROUTE-404 :: Line 0 ::  Rute tidak ditemukan: logss/bootstrap/theme/logo-sfrw.svg :: - :: /sfrw_3/logss/bootstrap/theme/logo-sfrw.svg
2026-03-06 17:32:34 ~ ::1 ~ Chrome ~ Error E-ROUTE-404 :: Line 0 ::  Rute tidak ditemukan: logss/error.php :: - :: /sfrw_3/logss/error.php
2026-03-06 17:32:35 ~ ::1 ~ Chrome ~ Error E-ROUTE-404 :: Line 0 ::  Rute tidak ditemukan: logss/bootstrap/theme/css/bootstrap.min.css :: - :: /sfrw_3/logss/bootstrap/theme/css/bootstrap.min.css?v=5.3.8
2026-03-06 17:32:35 ~ ::1 ~ Chrome ~ Error E-ROUTE-404 :: Line 0 ::  Rute tidak ditemukan: logss/bootstrap/theme/js/jquery-3.7.1.js :: - :: /sfrw_3/logss/bootstrap/theme/js/jquery-3.7.1.js
2026-03-06 17:32:36 ~ ::1 ~ Chrome ~ Error E-ROUTE-404 :: Line 0 ::  Rute tidak ditemukan: logss/bootstrap/theme/js/bootstrap.bundle.min.js :: - :: /sfrw_3/logss/bootstrap/theme/js/bootstrap.bundle.min.js
2026-03-06 17:32:36 ~ ::1 ~ Chrome ~ Error E-ROUTE-404 :: Line 0 ::  Rute tidak ditemukan: logss/bootstrap/theme/js/jquery-1.11.1.min.js :: - :: /sfrw_3/logss/bootstrap/theme/js/jquery-1.11.1.min.js
2026-03-06 17:32:36 ~ ::1 ~ Chrome ~ Error E-ROUTE-404 :: Line 0 ::  Rute tidak ditemukan: logss/bootstrap/theme/js/main.js :: - :: /sfrw_3/logss/bootstrap/theme/js/main.js?v=0.6
2026-03-06 17:32:37 ~ ::1 ~ Chrome ~ Error E-ROUTE-404 :: Line 0 ::  Rute tidak ditemukan: logss/bootstrap/theme/logo-sfrw.ico :: - :: /sfrw_3/logss/bootstrap/theme/logo-sfrw.ico
2026-03-06 17:32:38 ~ ::1 ~ Chrome ~ Error E-ROUTE-404 :: Line 0 ::  Rute tidak ditemukan: logss/bootstrap/theme/css/bootstrap.css :: - :: /sfrw_3/logss/bootstrap/theme/css/bootstrap.css?v=5.3.8
2026-03-06 17:32:39 ~ ::1 ~ Chrome ~ Error E-ROUTE-404 :: Line 0 ::  Rute tidak ditemukan: logss/bootstrap/theme/fontawesome/css/all.css :: - :: /sfrw_3/logss/bootstrap/theme/fontawesome/css/all.css
2026-03-06 17:32:39 ~ ::1 ~ Chrome ~ Error E-ROUTE-404 :: Line 0 ::  Rute tidak ditemukan: logss/bootstrap/theme/js/jquery-3.7.1.js :: - :: /sfrw_3/logss/bootstrap/theme/js/jquery-3.7.1.js
2026-03-06 17:32:39 ~ ::1 ~ Chrome ~ Error E-ROUTE-404 :: Line 0 ::  Rute tidak ditemukan: logss/bootstrap/theme/fontawesome/js/all.js :: - :: /sfrw_3/logss/bootstrap/theme/fontawesome/js/all.js
2026-03-06 17:32:39 ~ ::1 ~ Chrome ~ Error E-ROUTE-404 :: Line 0 ::  Rute tidak ditemukan: logss/bootstrap/theme/js/main.js :: - :: /sfrw_3/logss/bootstrap/theme/js/main.js?v=0.6
2026-03-06 17:32:39 ~ ::1 ~ Chrome ~ Error E-ROUTE-404 :: Line 0 ::  Rute tidak ditemukan: logss/bootstrap/theme/logo-sfrw.ico :: - :: /sfrw_3/logss/bootstrap/theme/logo-sfrw.ico
2026-03-06 17:32:42 ~ ::1 ~ Chrome ~ Error E-ROUTE-404 :: Line 0 ::  Rute tidak ditemukan: logss/bootstrap/theme/css/bootstrap.css :: - :: /sfrw_3/logss/bootstrap/theme/css/bootstrap.css?v=5.3.8
2026-03-06 17:32:42 ~ ::1 ~ Chrome ~ Error E-ROUTE-404 :: Line 0 ::  Rute tidak ditemukan: logss/bootstrap/theme/js/jquery-1.11.1.min.js :: - :: /sfrw_3/logss/bootstrap/theme/js/jquery-1.11.1.min.js
2026-03-06 17:32:42 ~ ::1 ~ Chrome ~ Error E-ROUTE-404 :: Line 0 ::  Rute tidak ditemukan: logss/bootstrap/theme/css/bootstrap.min.css :: - :: /sfrw_3/logss/bootstrap/theme/css/bootstrap.min.css?v=5.3.8
2026-03-06 17:32:42 ~ ::1 ~ Chrome ~ Error E-ROUTE-404 :: Line 0 ::  Rute tidak ditemukan: logss/bootstrap/theme/fontawesome/js/all.js :: - :: /sfrw_3/logss/bootstrap/theme/fontawesome/js/all.js
2026-03-06 17:32:42 ~ ::1 ~ Chrome ~ Error E-ROUTE-404 :: Line 0 ::  Rute tidak ditemukan: logss/bootstrap/theme/js/main.js :: - :: /sfrw_3/logss/bootstrap/theme/js/main.js?v=0.6
2026-03-06 17:32:42 ~ ::1 ~ Chrome ~ Error E-ROUTE-404 :: Line 0 ::  Rute tidak ditemukan: logss/bootstrap/theme/logo-sfrw.ico :: - :: /sfrw_3/logss/bootstrap/theme/logo-sfrw.ico
2026-03-06 17:32:50 ~ ::1 ~ Chrome ~ Error E-ROUTE-404 :: Line 0 ::  Rute tidak ditemukan: logss/bootstrap/theme/css/bootstrap.css :: - :: /sfrw_3/logss/bootstrap/theme/css/bootstrap.css?v=5.3.8
2026-03-06 17:32:50 ~ ::1 ~ Chrome ~ Error E-ROUTE-404 :: Line 0 ::  Rute tidak ditemukan: logss/bootstrap/theme/js/jquery-3.7.1.js :: - :: /sfrw_3/logss/bootstrap/theme/js/jquery-3.7.1.js
2026-03-06 17:32:50 ~ ::1 ~ Chrome ~ Error E-ROUTE-404 :: Line 0 ::  Rute tidak ditemukan: logss/bootstrap/theme/js/bootstrap.min.js :: - :: /sfrw_3/logss/bootstrap/theme/js/bootstrap.min.js
2026-03-06 17:32:50 ~ ::1 ~ Chrome ~ Error E-ROUTE-404 :: Line 0 ::  Rute tidak ditemukan: logss/bootstrap/theme/fontawesome/js/all.js :: - :: /sfrw_3/logss/bootstrap/theme/fontawesome/js/all.js
2026-03-06 17:32:51 ~ ::1 ~ Chrome ~ Error E-ROUTE-404 :: Line 0 ::  Rute tidak ditemukan: logss/bootstrap/theme/js/bootstrap.bundle.min.js :: - :: /sfrw_3/logss/bootstrap/theme/js/bootstrap.bundle.min.js
2026-03-06 17:32:51 ~ ::1 ~ Chrome ~ Error E-ROUTE-404 :: Line 0 ::  Rute tidak ditemukan: logss/bootstrap/theme/js/dataTables.bootstrap5.js :: - :: /sfrw_3/logss/bootstrap/theme/js/dataTables.bootstrap5.js
2026-03-06 17:32:51 ~ ::1 ~ Chrome ~ Error E-ROUTE-404 :: Line 0 ::  Rute tidak ditemukan: logss/bootstrap/theme/logo-sfrw.svg :: - :: /sfrw_3/logss/bootstrap/theme/logo-sfrw.svg
2026-03-06 17:33:12 ~ ::1 ~ Chrome ~ Error E-ROUTE-404 :: Line 0 ::  Rute tidak ditemukan: logss/bootstrap/theme/css/bootstrap.css :: - :: /sfrw_3/logss/bootstrap/theme/css/bootstrap.css?v=5.3.8
2026-03-06 17:33:12 ~ ::1 ~ Chrome ~ Error E-ROUTE-404 :: Line 0 ::  Rute tidak ditemukan: logss/bootstrap/theme/css/bootstrap.min.css :: - :: /sfrw_3/logss/bootstrap/theme/css/bootstrap.min.css?v=5.3.8
2026-03-06 17:36:22 ~ ::1 ~ Chrome ~ Error E-ROUTE-404 :: Line 0 ::  Rute tidak ditemukan: logsfiles :: - :: /sfrw_3/logsfiles?_=1772793382634
2026-03-06 17:36:59 ~ ::1 ~ Chrome ~ Error E-ROUTE-404 :: Line 0 ::  Rute tidak ditemukan: logsfiles :: - :: /sfrw_3/logsfiles?_=1772793419486
2026-03-06 17:39:50 ~ ::1 ~ Chrome ~ Error E-ROUTE-404 :: Line 0 ::  Rute tidak ditemukan: logsfiles :: - :: /sfrw_3/logsfiles?_=1772793589952
2026-03-06 17:40:49 ~ ::1 ~ Chrome ~ Error E-ROUTE-404 :: Line 0 ::  Rute tidak ditemukan: logsfiles :: - :: /sfrw_3/logsfiles?_=1772793649495
2026-03-06 17:41:06 ~ ::1 ~ Chrome ~ Error E-ROUTE-404 :: Line 0 ::  Rute tidak ditemukan: logsfiles :: - :: /sfrw_3/logsfiles?_=1772793665901
2026-03-06 17:42:31 ~ ::1 ~ Chrome ~ Error E-ROUTE-404 :: Line 0 ::  Rute tidak ditemukan: logss :: - :: /sfrw_3/logss
2026-03-06 17:43:59 ~ ::1 ~ Chrome ~ Error E-ROUTE-404 :: Line 0 ::  Rute tidak ditemukan: setup-database/seeding-sfrw :: - :: /sfrw_3/setup-database/seeding-sfrw
2026-03-06 17:44:45 ~ ::1 ~ Chrome ~ Error E-ROUTE-404 :: Line 0 ::  Rute tidak ditemukan: setup-database/seeding-sfrw :: - :: /sfrw_3/setup-database/seeding-sfrw/
2026-03-06 17:44:48 ~ ::1 ~ Chrome ~ Error E-ROUTE-404 :: Line 0 ::  Rute tidak ditemukan: setup-database/seeding-sfrw :: - :: /sfrw_3/setup-database/seeding-sfrw
2026-03-06 17:45:06 ~ ::1 ~ Chrome ~ Error E-ROUTE-404 :: Line 0 ::  Rute tidak ditemukan: setup-database/seeding-sfrw :: - :: /sfrw_3/setup-database/seeding-sfrw
2026-03-06 17:47:54 ~ ::1 ~ Chrome ~ Error E-ROUTE-404 :: Line 0 ::  Rute tidak ditemukan: logs :: - :: /sfrw_3/logs/
2026-03-06 17:58:24 ~ ::1 ~ Chrome ~ Error E-ROUTE-404 :: Line 0 ::  Rute tidak ditemukan: login :: - :: /sfrw_3/login
2026-03-06 18:02:23 ~ ::1 ~ Chrome ~ Error E-ROUTE-404 :: Line 0 ::  Rute tidak ditemukan: login :: - :: /sfrw_3/login
2026-03-06 18:11:32 ~ ::1 ~ Chrome ~ Error E-ROUTE-404 :: Line 0 ::  Rute tidak ditemukan: login :: - :: /sfrw_3/login
2026-03-06 18:12:40 ~ ::1 ~ Chrome ~ Error E-ROUTE-404 :: Line 0 ::  Rute tidak ditemukan: login :: - :: /sfrw_3/login
2026-03-06 18:17:55 ~ ::1 ~ Chrome ~ Error E-ROUTE-404 :: Line 0 ::  Rute tidak ditemukan: login :: - :: /sfrw_3/login
2026-03-06 18:18:42 ~ ::1 ~ Chrome ~ Error E-ROUTE-404 :: Line 0 ::  Rute tidak ditemukan: login :: - :: /sfrw_3/login
